{"/home/dwiga/Projects/Personal/VetHub/frontend/src/components/layout/AppShell.tsx": {"path":"/home/dwiga/Projects/Personal/VetHub/frontend/src/components/layout/AppShell.tsx","statementMap":{"0":{"start":{"line":37,"column":24},"end":{"line":37,"column":null}},"1":{"start":{"line":40,"column":8},"end":{"line":40,"column":null}},"2":{"start":{"line":48,"column":2},"end":{"line":48,"column":null}},"3":{"start":{"line":49,"column":8},"end":{"line":49,"column":null}},"4":{"start":{"line":50,"column":8},"end":{"line":50,"column":null}},"5":{"start":{"line":50,"column":51},"end":{"line":50,"column":71}},"6":{"start":{"line":51,"column":12},"end":{"line":51,"column":null}},"7":{"start":{"line":53,"column":15},"end":{"line":53,"column":null}},"8":{"start":{"line":54,"column":21},"end":{"line":54,"column":null}},"9":{"start":{"line":55,"column":23},"end":{"line":55,"column":null}},"10":{"start":{"line":57,"column":22},"end":{"line":60,"column":null}},"11":{"start":{"line":62,"column":17},"end":{"line":64,"column":null}},"12":{"start":{"line":66,"column":22},"end":{"line":69,"column":null}},"13":{"start":{"line":71,"column":24},"end":{"line":75,"column":null}},"14":{"start":{"line":77,"column":20},"end":{"line":77,"column":null}},"15":{"start":{"line":78,"column":20},"end":{"line":78,"column":null}},"16":{"start":{"line":79,"column":22},"end":{"line":79,"column":null}},"17":{"start":{"line":81,"column":17},"end":{"line":81,"column":null}},"18":{"start":{"line":82,"column":2},"end":{"line":88,"column":null}},"19":{"start":{"line":83,"column":4},"end":{"line":83,"column":null}},"20":{"start":{"line":84,"column":2},"end":{"line":88,"column":null}},"21":{"start":{"line":85,"column":4},"end":{"line":85,"column":null}},"22":{"start":{"line":87,"column":4},"end":{"line":87,"column":null}},"23":{"start":{"line":90,"column":2},"end":{"line":96,"column":null}},"24":{"start":{"line":91,"column":4},"end":{"line":95,"column":null}},"25":{"start":{"line":92,"column":6},"end":{"line":92,"column":null}},"26":{"start":{"line":93,"column":4},"end":{"line":95,"column":null}},"27":{"start":{"line":94,"column":6},"end":{"line":94,"column":null}},"28":{"start":{"line":99,"column":4},"end":{"line":99,"column":null}},"29":{"start":{"line":100,"column":4},"end":{"line":115,"column":null}},"30":{"start":{"line":101,"column":26},"end":{"line":103,"column":null}},"31":{"start":{"line":102,"column":15},"end":{"line":102,"column":null}},"32":{"start":{"line":104,"column":6},"end":{"line":104,"column":null}},"33":{"start":{"line":104,"column":23},"end":{"line":104,"column":null}},"34":{"start":{"line":105,"column":4},"end":{"line":115,"column":null}},"35":{"start":{"line":106,"column":26},"end":{"line":108,"column":null}},"36":{"start":{"line":107,"column":15},"end":{"line":107,"column":null}},"37":{"start":{"line":109,"column":6},"end":{"line":109,"column":null}},"38":{"start":{"line":109,"column":23},"end":{"line":109,"column":null}},"39":{"start":{"line":111,"column":26},"end":{"line":113,"column":null}},"40":{"start":{"line":112,"column":15},"end":{"line":112,"column":null}},"41":{"start":{"line":114,"column":6},"end":{"line":114,"column":null}},"42":{"start":{"line":114,"column":23},"end":{"line":114,"column":null}},"43":{"start":{"line":119,"column":4},"end":{"line":120,"column":null}},"44":{"start":{"line":122,"column":19},"end":{"line":129,"column":null}},"45":{"start":{"line":125,"column":20},"end":{"line":125,"column":24}},"46":{"start":{"line":131,"column":18},"end":{"line":131,"column":null}},"47":{"start":{"line":133,"column":2},"end":{"line":290,"column":null}},"48":{"start":{"line":146,"column":33},"end":{"line":146,"column":null}},"49":{"start":{"line":160,"column":35},"end":{"line":160,"column":null}},"50":{"start":{"line":175,"column":35},"end":{"line":175,"column":null}},"51":{"start":{"line":213,"column":49},"end":{"line":213,"column":null}},"52":{"start":{"line":219,"column":49},"end":{"line":219,"column":null}},"53":{"start":{"line":225,"column":49},"end":{"line":225,"column":null}},"54":{"start":{"line":231,"column":47},"end":{"line":231,"column":null}},"55":{"start":{"line":237,"column":31},"end":{"line":237,"column":null}},"56":{"start":{"line":264,"column":14},"end":{"line":264,"column":null}},"57":{"start":{"line":265,"column":12},"end":{"line":285,"column":null}}},"fnMap":{"0":{"name":"AppShell","decl":{"start":{"line":39,"column":16},"end":{"line":39,"column":25}},"loc":{"start":{"line":39,"column":70},"end":{"line":292,"column":null}},"line":39},"1":{"name":"(anonymous_1)","decl":{"start":{"line":50,"column":44},"end":{"line":50,"column":45}},"loc":{"start":{"line":50,"column":51},"end":{"line":50,"column":71}},"line":50},"2":{"name":"switchRole","decl":{"start":{"line":98,"column":11},"end":{"line":98,"column":22}},"loc":{"start":{"line":98,"column":59},"end":{"line":116,"column":null}},"line":98},"3":{"name":"(anonymous_3)","decl":{"start":{"line":102,"column":8},"end":{"line":102,"column":9}},"loc":{"start":{"line":102,"column":15},"end":{"line":102,"column":null}},"line":102},"4":{"name":"(anonymous_4)","decl":{"start":{"line":107,"column":8},"end":{"line":107,"column":9}},"loc":{"start":{"line":107,"column":15},"end":{"line":107,"column":null}},"line":107},"5":{"name":"(anonymous_5)","decl":{"start":{"line":112,"column":8},"end":{"line":112,"column":9}},"loc":{"start":{"line":112,"column":15},"end":{"line":112,"column":null}},"line":112},"6":{"name":"(anonymous_6)","decl":{"start":{"line":125,"column":13},"end":{"line":125,"column":14}},"loc":{"start":{"line":125,"column":20},"end":{"line":125,"column":24}},"line":125},"7":{"name":"(anonymous_7)","decl":{"start":{"line":146,"column":27},"end":{"line":146,"column":33}},"loc":{"start":{"line":146,"column":33},"end":{"line":146,"column":null}},"line":146},"8":{"name":"(anonymous_8)","decl":{"start":{"line":160,"column":29},"end":{"line":160,"column":35}},"loc":{"start":{"line":160,"column":35},"end":{"line":160,"column":null}},"line":160},"9":{"name":"(anonymous_9)","decl":{"start":{"line":175,"column":29},"end":{"line":175,"column":35}},"loc":{"start":{"line":175,"column":35},"end":{"line":175,"column":null}},"line":175},"10":{"name":"(anonymous_10)","decl":{"start":{"line":213,"column":43},"end":{"line":213,"column":49}},"loc":{"start":{"line":213,"column":49},"end":{"line":213,"column":null}},"line":213},"11":{"name":"(anonymous_11)","decl":{"start":{"line":219,"column":43},"end":{"line":219,"column":49}},"loc":{"start":{"line":219,"column":49},"end":{"line":219,"column":null}},"line":219},"12":{"name":"(anonymous_12)","decl":{"start":{"line":225,"column":43},"end":{"line":225,"column":49}},"loc":{"start":{"line":225,"column":49},"end":{"line":225,"column":null}},"line":225},"13":{"name":"(anonymous_13)","decl":{"start":{"line":231,"column":41},"end":{"line":231,"column":47}},"loc":{"start":{"line":231,"column":47},"end":{"line":231,"column":null}},"line":231},"14":{"name":"(anonymous_14)","decl":{"start":{"line":237,"column":25},"end":{"line":237,"column":31}},"loc":{"start":{"line":237,"column":31},"end":{"line":237,"column":null}},"line":237},"15":{"name":"(anonymous_15)","decl":{"start":{"line":262,"column":24},"end":{"line":262,"column":25}},"loc":{"start":{"line":262,"column":70},"end":{"line":287,"column":11}},"line":262}},"branchMap":{"0":{"loc":{"start":{"line":82,"column":2},"end":{"line":88,"column":null}},"type":"if","locations":[{"start":{"line":82,"column":2},"end":{"line":88,"column":null}},{"start":{"line":84,"column":2},"end":{"line":88,"column":null}}],"line":82},"1":{"loc":{"start":{"line":84,"column":2},"end":{"line":88,"column":null}},"type":"if","locations":[{"start":{"line":84,"column":2},"end":{"line":88,"column":null}},{"start":{"line":86,"column":9},"end":{"line":88,"column":null}}],"line":84},"2":{"loc":{"start":{"line":85,"column":15},"end":{"line":85,"column":null}},"type":"cond-expr","locations":[{"start":{"line":85,"column":28},"end":{"line":85,"column":42}},{"start":{"line":85,"column":42},"end":{"line":85,"column":null}}],"line":85},"3":{"loc":{"start":{"line":90,"column":2},"end":{"line":96,"column":null}},"type":"if","locations":[{"start":{"line":90,"column":2},"end":{"line":96,"column":null}},{"start":{},"end":{}}],"line":90},"4":{"loc":{"start":{"line":90,"column":6},"end":{"line":90,"column":38}},"type":"binary-expr","locations":[{"start":{"line":90,"column":6},"end":{"line":90,"column":23}},{"start":{"line":90,"column":23},"end":{"line":90,"column":38}}],"line":90},"5":{"loc":{"start":{"line":91,"column":4},"end":{"line":95,"column":null}},"type":"if","locations":[{"start":{"line":91,"column":4},"end":{"line":95,"column":null}},{"start":{"line":93,"column":4},"end":{"line":95,"column":null}}],"line":91},"6":{"loc":{"start":{"line":91,"column":8},"end":{"line":91,"column":48}},"type":"binary-expr","locations":[{"start":{"line":91,"column":8},"end":{"line":91,"column":26}},{"start":{"line":91,"column":26},"end":{"line":91,"column":48}}],"line":91},"7":{"loc":{"start":{"line":92,"column":17},"end":{"line":92,"column":null}},"type":"cond-expr","locations":[{"start":{"line":92,"column":30},"end":{"line":92,"column":44}},{"start":{"line":92,"column":44},"end":{"line":92,"column":null}}],"line":92},"8":{"loc":{"start":{"line":93,"column":4},"end":{"line":95,"column":null}},"type":"if","locations":[{"start":{"line":93,"column":4},"end":{"line":95,"column":null}},{"start":{},"end":{}}],"line":93},"9":{"loc":{"start":{"line":93,"column":15},"end":{"line":93,"column":55}},"type":"binary-expr","locations":[{"start":{"line":93,"column":15},"end":{"line":93,"column":38}},{"start":{"line":93,"column":38},"end":{"line":93,"column":55}}],"line":93},"10":{"loc":{"start":{"line":100,"column":4},"end":{"line":115,"column":null}},"type":"if","locations":[{"start":{"line":100,"column":4},"end":{"line":115,"column":null}},{"start":{"line":105,"column":4},"end":{"line":115,"column":null}}],"line":100},"11":{"loc":{"start":{"line":102,"column":15},"end":{"line":102,"column":null}},"type":"binary-expr","locations":[{"start":{"line":102,"column":15},"end":{"line":102,"column":33}},{"start":{"line":102,"column":33},"end":{"line":102,"column":null}}],"line":102},"12":{"loc":{"start":{"line":104,"column":6},"end":{"line":104,"column":null}},"type":"if","locations":[{"start":{"line":104,"column":6},"end":{"line":104,"column":null}},{"start":{},"end":{}}],"line":104},"13":{"loc":{"start":{"line":105,"column":4},"end":{"line":115,"column":null}},"type":"if","locations":[{"start":{"line":105,"column":4},"end":{"line":115,"column":null}},{"start":{"line":110,"column":11},"end":{"line":115,"column":null}}],"line":105},"14":{"loc":{"start":{"line":107,"column":15},"end":{"line":107,"column":null}},"type":"binary-expr","locations":[{"start":{"line":107,"column":15},"end":{"line":107,"column":33}},{"start":{"line":107,"column":33},"end":{"line":107,"column":null}}],"line":107},"15":{"loc":{"start":{"line":109,"column":6},"end":{"line":109,"column":null}},"type":"if","locations":[{"start":{"line":109,"column":6},"end":{"line":109,"column":null}},{"start":{},"end":{}}],"line":109},"16":{"loc":{"start":{"line":112,"column":15},"end":{"line":112,"column":null}},"type":"binary-expr","locations":[{"start":{"line":112,"column":15},"end":{"line":112,"column":33}},{"start":{"line":112,"column":33},"end":{"line":112,"column":null}}],"line":112},"17":{"loc":{"start":{"line":114,"column":6},"end":{"line":114,"column":null}},"type":"if","locations":[{"start":{"line":114,"column":6},"end":{"line":114,"column":null}},{"start":{},"end":{}}],"line":114},"18":{"loc":{"start":{"line":119,"column":4},"end":{"line":120,"column":null}},"type":"binary-expr","locations":[{"start":{"line":119,"column":4},"end":{"line":119,"column":null}},{"start":{"line":120,"column":5},"end":{"line":120,"column":21}},{"start":{"line":120,"column":21},"end":{"line":120,"column":44}},{"start":{"line":120,"column":44},"end":{"line":120,"column":null}}],"line":119},"19":{"loc":{"start":{"line":122,"column":19},"end":{"line":129,"column":null}},"type":"cond-expr","locations":[{"start":{"line":123,"column":6},"end":{"line":128,"column":null}},{"start":{"line":129,"column":6},"end":{"line":129,"column":null}}],"line":122},"20":{"loc":{"start":{"line":140,"column":14},"end":{"line":188,"column":null}},"type":"binary-expr","locations":[{"start":{"line":140,"column":14},"end":{"line":140,"column":30}},{"start":{"line":140,"column":30},"end":{"line":140,"column":null}},{"start":{"line":141,"column":14},"end":{"line":188,"column":null}}],"line":140},"21":{"loc":{"start":{"line":150,"column":20},"end":{"line":152,"column":null}},"type":"cond-expr","locations":[{"start":{"line":151,"column":24},"end":{"line":151,"column":null}},{"start":{"line":152,"column":24},"end":{"line":152,"column":null}}],"line":150},"22":{"loc":{"start":{"line":158,"column":17},"end":{"line":171,"column":null}},"type":"binary-expr","locations":[{"start":{"line":158,"column":17},"end":{"line":158,"column":null}},{"start":{"line":159,"column":18},"end":{"line":171,"column":null}}],"line":158},"23":{"loc":{"start":{"line":164,"column":22},"end":{"line":166,"column":null}},"type":"cond-expr","locations":[{"start":{"line":165,"column":26},"end":{"line":165,"column":null}},{"start":{"line":166,"column":26},"end":{"line":166,"column":null}}],"line":164},"24":{"loc":{"start":{"line":173,"column":17},"end":{"line":186,"column":null}},"type":"binary-expr","locations":[{"start":{"line":173,"column":17},"end":{"line":173,"column":null}},{"start":{"line":174,"column":18},"end":{"line":186,"column":null}}],"line":173},"25":{"loc":{"start":{"line":179,"column":22},"end":{"line":181,"column":null}},"type":"cond-expr","locations":[{"start":{"line":180,"column":26},"end":{"line":180,"column":null}},{"start":{"line":181,"column":26},"end":{"line":181,"column":null}}],"line":179},"26":{"loc":{"start":{"line":210,"column":17},"end":{"line":210,"column":null}},"type":"binary-expr","locations":[{"start":{"line":210,"column":17},"end":{"line":210,"column":31}},{"start":{"line":210,"column":31},"end":{"line":210,"column":null}}],"line":210},"27":{"loc":{"start":{"line":212,"column":15},"end":{"line":216,"column":null}},"type":"binary-expr","locations":[{"start":{"line":212,"column":15},"end":{"line":212,"column":null}},{"start":{"line":213,"column":16},"end":{"line":216,"column":null}}],"line":212},"28":{"loc":{"start":{"line":218,"column":15},"end":{"line":222,"column":null}},"type":"binary-expr","locations":[{"start":{"line":218,"column":15},"end":{"line":218,"column":null}},{"start":{"line":219,"column":16},"end":{"line":222,"column":null}}],"line":218},"29":{"loc":{"start":{"line":224,"column":15},"end":{"line":228,"column":null}},"type":"binary-expr","locations":[{"start":{"line":224,"column":15},"end":{"line":224,"column":null}},{"start":{"line":225,"column":16},"end":{"line":228,"column":null}}],"line":224},"30":{"loc":{"start":{"line":251,"column":10},"end":{"line":251,"column":null}},"type":"binary-expr","locations":[{"start":{"line":251,"column":10},"end":{"line":251,"column":26}},{"start":{"line":251,"column":26},"end":{"line":251,"column":null}}],"line":251},"31":{"loc":{"start":{"line":264,"column":14},"end":{"line":264,"column":null}},"type":"binary-expr","locations":[{"start":{"line":264,"column":14},"end":{"line":264,"column":35}},{"start":{"line":264,"column":35},"end":{"line":264,"column":null}}],"line":264},"32":{"loc":{"start":{"line":275,"column":18},"end":{"line":277,"column":null}},"type":"cond-expr","locations":[{"start":{"line":276,"column":22},"end":{"line":276,"column":null}},{"start":{"line":277,"column":22},"end":{"line":277,"column":null}}],"line":275},"33":{"loc":{"start":{"line":281,"column":43},"end":{"line":281,"column":67}},"type":"binary-expr","locations":[{"start":{"line":281,"column":43},"end":{"line":281,"column":53}},{"start":{"line":281,"column":53},"end":{"line":281,"column":67}}],"line":281},"34":{"loc":{"start":{"line":282,"column":31},"end":{"line":282,"column":null}},"type":"cond-expr","locations":[{"start":{"line":282,"column":40},"end":{"line":282,"column":46}},{"start":{"line":282,"column":46},"end":{"line":282,"column":null}}],"line":282}},"s":{"0":2,"1":39,"2":39,"3":39,"4":39,"5":39,"6":39,"7":39,"8":39,"9":39,"10":39,"11":39,"12":39,"13":39,"14":39,"15":39,"16":39,"17":39,"18":39,"19":39,"20":0,"21":0,"22":0,"23":39,"24":27,"25":0,"26":27,"27":0,"28":0,"29":0,"30":0,"31":0,"32":0,"33":0,"34":0,"35":0,"36":0,"37":0,"38":0,"39":0,"40":0,"41":0,"42":0,"43":39,"44":39,"45":0,"46":39,"47":39,"48":0,"49":0,"50":0,"51":0,"52":0,"53":0,"54":0,"55":0,"56":117,"57":117},"f":{"0":39,"1":39,"2":0,"3":0,"4":0,"5":0,"6":0,"7":0,"8":0,"9":0,"10":0,"11":0,"12":0,"13":0,"14":0,"15":117},"b":{"0":[39,0],"1":[0,0],"2":[0,0],"3":[27,12],"4":[39,39],"5":[0,27],"6":[27,0],"7":[0,0],"8":[0,27],"9":[27,0],"10":[0,0],"11":[0,0],"12":[0,0],"13":[0,0],"14":[0,0],"15":[0,0],"16":[0,0],"17":[0,0],"18":[39,12,12,0],"19":[0,39],"20":[39,39,12],"21":[0,12],"22":[12,0],"23":[0,0],"24":[12,12],"25":[12,0],"26":[39,39],"27":[39,0],"28":[39,39],"29":[39,0],"30":[39,0],"31":[117,105],"32":[39,78],"33":[117,39],"34":[39,78]},"meta":{"lastBranch":35,"lastFunction":16,"lastStatement":58,"seen":{"s:37:24:37:Infinity":0,"f:39:16:39:25":0,"s:40:8:40:Infinity":1,"s:48:2:48:Infinity":2,"s:49:8:49:Infinity":3,"s:50:8:50:Infinity":4,"f:50:44:50:45":1,"s:50:51:50:71":5,"s:51:12:51:Infinity":6,"s:53:15:53:Infinity":7,"s:54:21:54:Infinity":8,"s:55:23:55:Infinity":9,"s:57:22:60:Infinity":10,"s:62:17:64:Infinity":11,"s:66:22:69:Infinity":12,"s:71:24:75:Infinity":13,"s:77:20:77:Infinity":14,"s:78:20:78:Infinity":15,"s:79:22:79:Infinity":16,"s:81:17:81:Infinity":17,"b:82:2:88:Infinity:84:2:88:Infinity":0,"s:82:2:88:Infinity":18,"s:83:4:83:Infinity":19,"b:84:2:88:Infinity:86:9:88:Infinity":1,"s:84:2:88:Infinity":20,"s:85:4:85:Infinity":21,"b:85:28:85:42:85:42:85:Infinity":2,"s:87:4:87:Infinity":22,"b:90:2:96:Infinity:undefined:undefined:undefined:undefined":3,"s:90:2:96:Infinity":23,"b:90:6:90:23:90:23:90:38":4,"b:91:4:95:Infinity:93:4:95:Infinity":5,"s:91:4:95:Infinity":24,"b:91:8:91:26:91:26:91:48":6,"s:92:6:92:Infinity":25,"b:92:30:92:44:92:44:92:Infinity":7,"b:93:4:95:Infinity:undefined:undefined:undefined:undefined":8,"s:93:4:95:Infinity":26,"b:93:15:93:38:93:38:93:55":9,"s:94:6:94:Infinity":27,"f:98:11:98:22":2,"s:99:4:99:Infinity":28,"b:100:4:115:Infinity:105:4:115:Infinity":10,"s:100:4:115:Infinity":29,"s:101:26:103:Infinity":30,"f:102:8:102:9":3,"s:102:15:102:Infinity":31,"b:102:15:102:33:102:33:102:Infinity":11,"b:104:6:104:Infinity:undefined:undefined:undefined:undefined":12,"s:104:6:104:Infinity":32,"s:104:23:104:Infinity":33,"b:105:4:115:Infinity:110:11:115:Infinity":13,"s:105:4:115:Infinity":34,"s:106:26:108:Infinity":35,"f:107:8:107:9":4,"s:107:15:107:Infinity":36,"b:107:15:107:33:107:33:107:Infinity":14,"b:109:6:109:Infinity:undefined:undefined:undefined:undefined":15,"s:109:6:109:Infinity":37,"s:109:23:109:Infinity":38,"s:111:26:113:Infinity":39,"f:112:8:112:9":5,"s:112:15:112:Infinity":40,"b:112:15:112:33:112:33:112:Infinity":16,"b:114:6:114:Infinity:undefined:undefined:undefined:undefined":17,"s:114:6:114:Infinity":41,"s:114:23:114:Infinity":42,"s:119:4:120:Infinity":43,"b:119:4:119:Infinity:120:5:120:21:120:21:120:44:120:44:120:Infinity":18,"s:122:19:129:Infinity":44,"b:123:6:128:Infinity:129:6:129:Infinity":19,"f:125:13:125:14":6,"s:125:20:125:24":45,"s:131:18:131:Infinity":46,"s:133:2:290:Infinity":47,"b:140:14:140:30:140:30:140:Infinity:141:14:188:Infinity":20,"f:146:27:146:33":7,"s:146:33:146:Infinity":48,"b:151:24:151:Infinity:152:24:152:Infinity":21,"b:158:17:158:Infinity:159:18:171:Infinity":22,"f:160:29:160:35":8,"s:160:35:160:Infinity":49,"b:165:26:165:Infinity:166:26:166:Infinity":23,"b:173:17:173:Infinity:174:18:186:Infinity":24,"f:175:29:175:35":9,"s:175:35:175:Infinity":50,"b:180:26:180:Infinity:181:26:181:Infinity":25,"b:210:17:210:31:210:31:210:Infinity":26,"b:212:15:212:Infinity:213:16:216:Infinity":27,"f:213:43:213:49":10,"s:213:49:213:Infinity":51,"b:218:15:218:Infinity:219:16:222:Infinity":28,"f:219:43:219:49":11,"s:219:49:219:Infinity":52,"b:224:15:224:Infinity:225:16:228:Infinity":29,"f:225:43:225:49":12,"s:225:49:225:Infinity":53,"f:231:41:231:47":13,"s:231:47:231:Infinity":54,"f:237:25:237:31":14,"s:237:31:237:Infinity":55,"b:251:10:251:26:251:26:251:Infinity":30,"f:262:24:262:25":15,"s:264:14:264:Infinity":56,"b:264:14:264:35:264:35:264:Infinity":31,"s:265:12:285:Infinity":57,"b:276:22:276:Infinity:277:22:277:Infinity":32,"b:281:43:281:53:281:53:281:67":33,"b:282:40:282:46:282:46:282:Infinity":34}}}
,"/home/dwiga/Projects/Personal/VetHub/frontend/src/components/shared/PageHeader.tsx": {"path":"/home/dwiga/Projects/Personal/VetHub/frontend/src/components/shared/PageHeader.tsx","statementMap":{"0":{"start":{"line":15,"column":8},"end":{"line":15,"column":null}},"1":{"start":{"line":16,"column":2},"end":{"line":42,"column":null}},"2":{"start":{"line":25,"column":12},"end":{"line":29,"column":null}},"3":{"start":{"line":26,"column":14},"end":{"line":26,"column":null}},"4":{"start":{"line":27,"column":12},"end":{"line":29,"column":null}},"5":{"start":{"line":28,"column":14},"end":{"line":28,"column":null}}},"fnMap":{"0":{"name":"PageHeader","decl":{"start":{"line":14,"column":16},"end":{"line":14,"column":27}},"loc":{"start":{"line":14,"column":101},"end":{"line":44,"column":null}},"line":14},"1":{"name":"(anonymous_1)","decl":{"start":{"line":24,"column":19},"end":{"line":24,"column":25}},"loc":{"start":{"line":24,"column":25},"end":{"line":30,"column":null}},"line":24}},"branchMap":{"0":{"loc":{"start":{"line":18,"column":7},"end":{"line":33,"column":null}},"type":"binary-expr","locations":[{"start":{"line":18,"column":7},"end":{"line":18,"column":null}},{"start":{"line":19,"column":8},"end":{"line":33,"column":null}}],"line":18},"1":{"loc":{"start":{"line":25,"column":12},"end":{"line":29,"column":null}},"type":"if","locations":[{"start":{"line":25,"column":12},"end":{"line":29,"column":null}},{"start":{"line":27,"column":12},"end":{"line":29,"column":null}}],"line":25},"2":{"loc":{"start":{"line":27,"column":12},"end":{"line":29,"column":null}},"type":"if","locations":[{"start":{"line":27,"column":12},"end":{"line":29,"column":null}},{"start":{},"end":{}}],"line":27},"3":{"loc":{"start":{"line":37,"column":9},"end":{"line":38,"column":null}},"type":"binary-expr","locations":[{"start":{"line":37,"column":9},"end":{"line":37,"column":null}},{"start":{"line":38,"column":10},"end":{"line":38,"column":null}}],"line":37},"4":{"loc":{"start":{"line":41,"column":7},"end":{"line":41,"column":null}},"type":"binary-expr","locations":[{"start":{"line":41,"column":7},"end":{"line":41,"column":17}},{"start":{"line":41,"column":17},"end":{"line":41,"column":null}}],"line":41}},"s":{"0":37,"1":37,"2":0,"3":0,"4":0,"5":0},"f":{"0":37,"1":0},"b":{"0":[37,25],"1":[0,0],"2":[0,0],"3":[37,15],"4":[37,28]},"meta":{"lastBranch":5,"lastFunction":2,"lastStatement":6,"seen":{"f:14:16:14:27":0,"s:15:8:15:Infinity":0,"s:16:2:42:Infinity":1,"b:18:7:18:Infinity:19:8:33:Infinity":0,"f:24:19:24:25":1,"b:25:12:29:Infinity:27:12:29:Infinity":1,"s:25:12:29:Infinity":2,"s:26:14:26:Infinity":3,"b:27:12:29:Infinity:undefined:undefined:undefined:undefined":2,"s:27:12:29:Infinity":4,"s:28:14:28:Infinity":5,"b:37:9:37:Infinity:38:10:38:Infinity":3,"b:41:7:41:17:41:17:41:Infinity":4}}}
,"/home/dwiga/Projects/Personal/VetHub/frontend/src/components/ui/avatar.tsx": {"path":"/home/dwiga/Projects/Personal/VetHub/frontend/src/components/ui/avatar.tsx","statementMap":{"0":{"start":{"line":6,"column":0},"end":{"line":6,"column":null}},"1":{"start":{"line":8,"column":15},"end":{"line":20,"column":null}},"2":{"start":{"line":12,"column":2},"end":{"line":19,"column":null}},"3":{"start":{"line":21,"column":0},"end":{"line":21,"column":null}},"4":{"start":{"line":23,"column":20},"end":{"line":32,"column":null}},"5":{"start":{"line":27,"column":2},"end":{"line":31,"column":null}},"6":{"start":{"line":33,"column":0},"end":{"line":33,"column":null}},"7":{"start":{"line":35,"column":23},"end":{"line":47,"column":null}},"8":{"start":{"line":39,"column":2},"end":{"line":46,"column":null}},"9":{"start":{"line":48,"column":0},"end":{"line":48,"column":null}}},"fnMap":{"0":{"name":"(anonymous_0)","decl":{"start":{"line":11,"column":2},"end":{"line":11,"column":3}},"loc":{"start":{"line":12,"column":2},"end":{"line":19,"column":null}},"line":12},"1":{"name":"(anonymous_1)","decl":{"start":{"line":26,"column":2},"end":{"line":26,"column":3}},"loc":{"start":{"line":27,"column":2},"end":{"line":31,"column":null}},"line":27},"2":{"name":"(anonymous_2)","decl":{"start":{"line":38,"column":2},"end":{"line":38,"column":3}},"loc":{"start":{"line":39,"column":2},"end":{"line":46,"column":null}},"line":39}},"branchMap":{},"s":{"0":2,"1":2,"2":39,"3":2,"4":2,"5":0,"6":2,"7":2,"8":39,"9":2},"f":{"0":39,"1":0,"2":39},"b":{},"meta":{"lastBranch":0,"lastFunction":3,"lastStatement":10,"seen":{"s:6:0:6:Infinity":0,"s:8:15:20:Infinity":1,"f:11:2:11:3":0,"s:12:2:19:Infinity":2,"s:21:0:21:Infinity":3,"s:23:20:32:Infinity":4,"f:26:2:26:3":1,"s:27:2:31:Infinity":5,"s:33:0:33:Infinity":6,"s:35:23:47:Infinity":7,"f:38:2:38:3":2,"s:39:2:46:Infinity":8,"s:48:0:48:Infinity":9}}}
,"/home/dwiga/Projects/Personal/VetHub/frontend/src/components/ui/button.tsx": {"path":"/home/dwiga/Projects/Personal/VetHub/frontend/src/components/ui/button.tsx","statementMap":{"0":{"start":{"line":7,"column":6},"end":{"line":43,"column":null}},"1":{"start":{"line":51,"column":15},"end":{"line":62,"column":null}},"2":{"start":{"line":53,"column":17},"end":{"line":53,"column":null}},"3":{"start":{"line":54,"column":4},"end":{"line":59,"column":null}},"4":{"start":{"line":63,"column":0},"end":{"line":63,"column":null}}},"fnMap":{"0":{"name":"(anonymous_0)","decl":{"start":{"line":52,"column":2},"end":{"line":52,"column":3}},"loc":{"start":{"line":52,"column":68},"end":{"line":61,"column":null}},"line":52}},"branchMap":{"0":{"loc":{"start":{"line":52,"column":31},"end":{"line":52,"column":48}},"type":"default-arg","locations":[{"start":{"line":52,"column":41},"end":{"line":52,"column":48}}],"line":52},"1":{"loc":{"start":{"line":53,"column":17},"end":{"line":53,"column":null}},"type":"cond-expr","locations":[{"start":{"line":53,"column":27},"end":{"line":53,"column":34}},{"start":{"line":53,"column":34},"end":{"line":53,"column":null}}],"line":53}},"s":{"0":2,"1":2,"2":207,"3":207,"4":2},"f":{"0":207},"b":{"0":[207],"1":[22,185]},"meta":{"lastBranch":2,"lastFunction":1,"lastStatement":5,"seen":{"s:7:6:43:Infinity":0,"s:51:15:62:Infinity":1,"f:52:2:52:3":0,"b:52:41:52:48":0,"s:53:17:53:Infinity":2,"b:53:27:53:34:53:34:53:Infinity":1,"s:54:4:59:Infinity":3,"s:63:0:63:Infinity":4}}}
,"/home/dwiga/Projects/Personal/VetHub/frontend/src/components/ui/card.tsx": {"path":"/home/dwiga/Projects/Personal/VetHub/frontend/src/components/ui/card.tsx","statementMap":{"0":{"start":{"line":5,"column":13},"end":{"line":17,"column":null}},"1":{"start":{"line":9,"column":2},"end":{"line":16,"column":null}},"2":{"start":{"line":18,"column":0},"end":{"line":18,"column":null}},"3":{"start":{"line":20,"column":19},"end":{"line":29,"column":null}},"4":{"start":{"line":24,"column":2},"end":{"line":28,"column":null}},"5":{"start":{"line":30,"column":0},"end":{"line":30,"column":null}},"6":{"start":{"line":32,"column":18},"end":{"line":41,"column":null}},"7":{"start":{"line":36,"column":2},"end":{"line":40,"column":null}},"8":{"start":{"line":42,"column":0},"end":{"line":42,"column":null}},"9":{"start":{"line":44,"column":24},"end":{"line":53,"column":null}},"10":{"start":{"line":48,"column":2},"end":{"line":52,"column":null}},"11":{"start":{"line":54,"column":0},"end":{"line":54,"column":null}},"12":{"start":{"line":56,"column":20},"end":{"line":61,"column":null}},"13":{"start":{"line":60,"column":2},"end":{"line":60,"column":null}},"14":{"start":{"line":62,"column":0},"end":{"line":62,"column":null}},"15":{"start":{"line":64,"column":19},"end":{"line":73,"column":null}},"16":{"start":{"line":68,"column":2},"end":{"line":72,"column":null}},"17":{"start":{"line":74,"column":0},"end":{"line":74,"column":null}}},"fnMap":{"0":{"name":"(anonymous_0)","decl":{"start":{"line":8,"column":2},"end":{"line":8,"column":3}},"loc":{"start":{"line":9,"column":2},"end":{"line":16,"column":null}},"line":9},"1":{"name":"(anonymous_1)","decl":{"start":{"line":23,"column":2},"end":{"line":23,"column":3}},"loc":{"start":{"line":24,"column":2},"end":{"line":28,"column":null}},"line":24},"2":{"name":"(anonymous_2)","decl":{"start":{"line":35,"column":2},"end":{"line":35,"column":3}},"loc":{"start":{"line":36,"column":2},"end":{"line":40,"column":null}},"line":36},"3":{"name":"(anonymous_3)","decl":{"start":{"line":47,"column":2},"end":{"line":47,"column":3}},"loc":{"start":{"line":48,"column":2},"end":{"line":52,"column":null}},"line":48},"4":{"name":"(anonymous_4)","decl":{"start":{"line":59,"column":2},"end":{"line":59,"column":3}},"loc":{"start":{"line":60,"column":2},"end":{"line":60,"column":null}},"line":60},"5":{"name":"(anonymous_5)","decl":{"start":{"line":67,"column":2},"end":{"line":67,"column":3}},"loc":{"start":{"line":68,"column":2},"end":{"line":72,"column":null}},"line":68}},"branchMap":{},"s":{"0":2,"1":95,"2":2,"3":2,"4":16,"5":2,"6":2,"7":16,"8":2,"9":2,"10":0,"11":2,"12":2,"13":95,"14":2,"15":2,"16":0,"17":2},"f":{"0":95,"1":16,"2":16,"3":0,"4":95,"5":0},"b":{},"meta":{"lastBranch":0,"lastFunction":6,"lastStatement":18,"seen":{"s:5:13:17:Infinity":0,"f:8:2:8:3":0,"s:9:2:16:Infinity":1,"s:18:0:18:Infinity":2,"s:20:19:29:Infinity":3,"f:23:2:23:3":1,"s:24:2:28:Infinity":4,"s:30:0:30:Infinity":5,"s:32:18:41:Infinity":6,"f:35:2:35:3":2,"s:36:2:40:Infinity":7,"s:42:0:42:Infinity":8,"s:44:24:53:Infinity":9,"f:47:2:47:3":3,"s:48:2:52:Infinity":10,"s:54:0:54:Infinity":11,"s:56:20:61:Infinity":12,"f:59:2:59:3":4,"s:60:2:60:Infinity":13,"s:62:0:62:Infinity":14,"s:64:19:73:Infinity":15,"f:67:2:67:3":5,"s:68:2:72:Infinity":16,"s:74:0:74:Infinity":17}}}
,"/home/dwiga/Projects/Personal/VetHub/frontend/src/components/ui/dialog.tsx": {"path":"/home/dwiga/Projects/Personal/VetHub/frontend/src/components/ui/dialog.tsx","statementMap":{"0":{"start":{"line":7,"column":15},"end":{"line":7,"column":null}},"1":{"start":{"line":9,"column":22},"end":{"line":9,"column":null}},"2":{"start":{"line":11,"column":21},"end":{"line":11,"column":null}},"3":{"start":{"line":13,"column":20},"end":{"line":13,"column":null}},"4":{"start":{"line":15,"column":22},"end":{"line":27,"column":null}},"5":{"start":{"line":19,"column":2},"end":{"line":26,"column":null}},"6":{"start":{"line":28,"column":0},"end":{"line":28,"column":null}},"7":{"start":{"line":30,"column":22},"end":{"line":51,"column":null}},"8":{"start":{"line":34,"column":2},"end":{"line":50,"column":null}},"9":{"start":{"line":52,"column":0},"end":{"line":52,"column":null}},"10":{"start":{"line":54,"column":21},"end":{"line":64,"column":null}},"11":{"start":{"line":58,"column":2},"end":{"line":64,"column":null}},"12":{"start":{"line":66,"column":0},"end":{"line":66,"column":null}},"13":{"start":{"line":68,"column":21},"end":{"line":78,"column":null}},"14":{"start":{"line":72,"column":2},"end":{"line":78,"column":null}},"15":{"start":{"line":80,"column":0},"end":{"line":80,"column":null}},"16":{"start":{"line":82,"column":20},"end":{"line":94,"column":null}},"17":{"start":{"line":86,"column":2},"end":{"line":93,"column":null}},"18":{"start":{"line":95,"column":0},"end":{"line":95,"column":null}},"19":{"start":{"line":97,"column":26},"end":{"line":106,"column":null}},"20":{"start":{"line":101,"column":2},"end":{"line":105,"column":null}},"21":{"start":{"line":107,"column":0},"end":{"line":107,"column":null}}},"fnMap":{"0":{"name":"(anonymous_0)","decl":{"start":{"line":18,"column":2},"end":{"line":18,"column":3}},"loc":{"start":{"line":19,"column":2},"end":{"line":26,"column":null}},"line":19},"1":{"name":"(anonymous_1)","decl":{"start":{"line":33,"column":2},"end":{"line":33,"column":3}},"loc":{"start":{"line":34,"column":2},"end":{"line":50,"column":null}},"line":34},"2":{"name":"(anonymous_2)","decl":{"start":{"line":54,"column":21},"end":{"line":54,"column":22}},"loc":{"start":{"line":58,"column":2},"end":{"line":64,"column":null}},"line":58},"3":{"name":"(anonymous_3)","decl":{"start":{"line":68,"column":21},"end":{"line":68,"column":22}},"loc":{"start":{"line":72,"column":2},"end":{"line":78,"column":null}},"line":72},"4":{"name":"(anonymous_4)","decl":{"start":{"line":85,"column":2},"end":{"line":85,"column":3}},"loc":{"start":{"line":86,"column":2},"end":{"line":93,"column":null}},"line":86},"5":{"name":"(anonymous_5)","decl":{"start":{"line":100,"column":2},"end":{"line":100,"column":3}},"loc":{"start":{"line":101,"column":2},"end":{"line":105,"column":null}},"line":101}},"branchMap":{},"s":{"0":1,"1":1,"2":1,"3":1,"4":1,"5":6,"6":1,"7":1,"8":41,"9":1,"10":1,"11":4,"12":1,"13":1,"14":0,"15":1,"16":1,"17":4,"18":1,"19":1,"20":0,"21":1},"f":{"0":6,"1":41,"2":4,"3":0,"4":4,"5":0},"b":{},"meta":{"lastBranch":0,"lastFunction":6,"lastStatement":22,"seen":{"s:7:15:7:Infinity":0,"s:9:22:9:Infinity":1,"s:11:21:11:Infinity":2,"s:13:20:13:Infinity":3,"s:15:22:27:Infinity":4,"f:18:2:18:3":0,"s:19:2:26:Infinity":5,"s:28:0:28:Infinity":6,"s:30:22:51:Infinity":7,"f:33:2:33:3":1,"s:34:2:50:Infinity":8,"s:52:0:52:Infinity":9,"s:54:21:64:Infinity":10,"f:54:21:54:22":2,"s:58:2:64:Infinity":11,"s:66:0:66:Infinity":12,"s:68:21:78:Infinity":13,"f:68:21:68:22":3,"s:72:2:78:Infinity":14,"s:80:0:80:Infinity":15,"s:82:20:94:Infinity":16,"f:85:2:85:3":4,"s:86:2:93:Infinity":17,"s:95:0:95:Infinity":18,"s:97:26:106:Infinity":19,"f:100:2:100:3":5,"s:101:2:105:Infinity":20,"s:107:0:107:Infinity":21}}}
,"/home/dwiga/Projects/Personal/VetHub/frontend/src/components/ui/dropdown-menu.tsx": {"path":"/home/dwiga/Projects/Personal/VetHub/frontend/src/components/ui/dropdown-menu.tsx","statementMap":{"0":{"start":{"line":7,"column":0},"end":{"line":7,"column":null}},"1":{"start":{"line":9,"column":21},"end":{"line":9,"column":null}},"2":{"start":{"line":11,"column":28},"end":{"line":11,"column":null}},"3":{"start":{"line":13,"column":26},"end":{"line":13,"column":null}},"4":{"start":{"line":15,"column":27},"end":{"line":15,"column":null}},"5":{"start":{"line":17,"column":24},"end":{"line":17,"column":null}},"6":{"start":{"line":19,"column":31},"end":{"line":19,"column":null}},"7":{"start":{"line":21,"column":31},"end":{"line":39,"column":null}},"8":{"start":{"line":27,"column":2},"end":{"line":38,"column":null}},"9":{"start":{"line":40,"column":0},"end":{"line":41,"column":null}},"10":{"start":{"line":43,"column":31},"end":{"line":55,"column":null}},"11":{"start":{"line":47,"column":2},"end":{"line":54,"column":null}},"12":{"start":{"line":56,"column":0},"end":{"line":57,"column":null}},"13":{"start":{"line":59,"column":28},"end":{"line":75,"column":null}},"14":{"start":{"line":63,"column":2},"end":{"line":74,"column":null}},"15":{"start":{"line":76,"column":0},"end":{"line":76,"column":null}},"16":{"start":{"line":78,"column":25},"end":{"line":93,"column":null}},"17":{"start":{"line":84,"column":2},"end":{"line":92,"column":null}},"18":{"start":{"line":94,"column":0},"end":{"line":94,"column":null}},"19":{"start":{"line":96,"column":33},"end":{"line":116,"column":null}},"20":{"start":{"line":100,"column":2},"end":{"line":115,"column":null}},"21":{"start":{"line":117,"column":0},"end":{"line":118,"column":null}},"22":{"start":{"line":120,"column":30},"end":{"line":139,"column":null}},"23":{"start":{"line":124,"column":2},"end":{"line":138,"column":null}},"24":{"start":{"line":140,"column":0},"end":{"line":140,"column":null}},"25":{"start":{"line":142,"column":26},"end":{"line":157,"column":null}},"26":{"start":{"line":148,"column":2},"end":{"line":156,"column":null}},"27":{"start":{"line":158,"column":0},"end":{"line":158,"column":null}},"28":{"start":{"line":160,"column":30},"end":{"line":169,"column":null}},"29":{"start":{"line":164,"column":2},"end":{"line":168,"column":null}},"30":{"start":{"line":170,"column":0},"end":{"line":170,"column":null}},"31":{"start":{"line":172,"column":29},"end":{"line":182,"column":null}},"32":{"start":{"line":176,"column":2},"end":{"line":180,"column":null}},"33":{"start":{"line":183,"column":0},"end":{"line":183,"column":null}}},"fnMap":{"0":{"name":"(anonymous_0)","decl":{"start":{"line":26,"column":2},"end":{"line":26,"column":3}},"loc":{"start":{"line":27,"column":2},"end":{"line":38,"column":null}},"line":27},"1":{"name":"(anonymous_1)","decl":{"start":{"line":46,"column":2},"end":{"line":46,"column":3}},"loc":{"start":{"line":47,"column":2},"end":{"line":54,"column":null}},"line":47},"2":{"name":"(anonymous_2)","decl":{"start":{"line":62,"column":2},"end":{"line":62,"column":3}},"loc":{"start":{"line":63,"column":2},"end":{"line":74,"column":null}},"line":63},"3":{"name":"(anonymous_3)","decl":{"start":{"line":83,"column":2},"end":{"line":83,"column":3}},"loc":{"start":{"line":84,"column":2},"end":{"line":92,"column":null}},"line":84},"4":{"name":"(anonymous_4)","decl":{"start":{"line":99,"column":2},"end":{"line":99,"column":3}},"loc":{"start":{"line":100,"column":2},"end":{"line":115,"column":null}},"line":100},"5":{"name":"(anonymous_5)","decl":{"start":{"line":123,"column":2},"end":{"line":123,"column":3}},"loc":{"start":{"line":124,"column":2},"end":{"line":138,"column":null}},"line":124},"6":{"name":"(anonymous_6)","decl":{"start":{"line":147,"column":2},"end":{"line":147,"column":3}},"loc":{"start":{"line":148,"column":2},"end":{"line":156,"column":null}},"line":148},"7":{"name":"(anonymous_7)","decl":{"start":{"line":163,"column":2},"end":{"line":163,"column":3}},"loc":{"start":{"line":164,"column":2},"end":{"line":168,"column":null}},"line":164},"8":{"name":"(anonymous_8)","decl":{"start":{"line":172,"column":29},"end":{"line":172,"column":30}},"loc":{"start":{"line":175,"column":45},"end":{"line":182,"column":null}},"line":175}},"branchMap":{"0":{"loc":{"start":{"line":31,"column":6},"end":{"line":31,"column":null}},"type":"binary-expr","locations":[{"start":{"line":31,"column":6},"end":{"line":31,"column":15}},{"start":{"line":31,"column":15},"end":{"line":31,"column":null}}],"line":31},"1":{"loc":{"start":{"line":62,"column":16},"end":{"line":62,"column":32}},"type":"default-arg","locations":[{"start":{"line":62,"column":29},"end":{"line":62,"column":32}}],"line":62},"2":{"loc":{"start":{"line":88,"column":6},"end":{"line":88,"column":null}},"type":"binary-expr","locations":[{"start":{"line":88,"column":6},"end":{"line":88,"column":15}},{"start":{"line":88,"column":15},"end":{"line":88,"column":null}}],"line":88},"3":{"loc":{"start":{"line":152,"column":6},"end":{"line":152,"column":null}},"type":"binary-expr","locations":[{"start":{"line":152,"column":6},"end":{"line":152,"column":15}},{"start":{"line":152,"column":15},"end":{"line":152,"column":null}}],"line":152}},"s":{"0":2,"1":2,"2":2,"3":2,"4":2,"5":2,"6":2,"7":2,"8":0,"9":2,"10":2,"11":0,"12":2,"13":2,"14":39,"15":2,"16":2,"17":0,"18":2,"19":2,"20":0,"21":2,"22":2,"23":0,"24":2,"25":2,"26":0,"27":2,"28":2,"29":0,"30":2,"31":2,"32":0,"33":2},"f":{"0":0,"1":0,"2":39,"3":0,"4":0,"5":0,"6":0,"7":0,"8":0},"b":{"0":[0,0],"1":[39],"2":[0,0],"3":[0,0]},"meta":{"lastBranch":4,"lastFunction":9,"lastStatement":34,"seen":{"s:7:0:7:Infinity":0,"s:9:21:9:Infinity":1,"s:11:28:11:Infinity":2,"s:13:26:13:Infinity":3,"s:15:27:15:Infinity":4,"s:17:24:17:Infinity":5,"s:19:31:19:Infinity":6,"s:21:31:39:Infinity":7,"f:26:2:26:3":0,"s:27:2:38:Infinity":8,"b:31:6:31:15:31:15:31:Infinity":0,"s:40:0:41:Infinity":9,"s:43:31:55:Infinity":10,"f:46:2:46:3":1,"s:47:2:54:Infinity":11,"s:56:0:57:Infinity":12,"s:59:28:75:Infinity":13,"f:62:2:62:3":2,"s:63:2:74:Infinity":14,"b:62:29:62:32":1,"s:76:0:76:Infinity":15,"s:78:25:93:Infinity":16,"f:83:2:83:3":3,"s:84:2:92:Infinity":17,"b:88:6:88:15:88:15:88:Infinity":2,"s:94:0:94:Infinity":18,"s:96:33:116:Infinity":19,"f:99:2:99:3":4,"s:100:2:115:Infinity":20,"s:117:0:118:Infinity":21,"s:120:30:139:Infinity":22,"f:123:2:123:3":5,"s:124:2:138:Infinity":23,"s:140:0:140:Infinity":24,"s:142:26:157:Infinity":25,"f:147:2:147:3":6,"s:148:2:156:Infinity":26,"b:152:6:152:15:152:15:152:Infinity":3,"s:158:0:158:Infinity":27,"s:160:30:169:Infinity":28,"f:163:2:163:3":7,"s:164:2:168:Infinity":29,"s:170:0:170:Infinity":30,"s:172:29:182:Infinity":31,"f:172:29:172:30":8,"s:176:2:180:Infinity":32,"s:183:0:183:Infinity":33}}}
,"/home/dwiga/Projects/Personal/VetHub/frontend/src/components/ui/input.tsx": {"path":"/home/dwiga/Projects/Personal/VetHub/frontend/src/components/ui/input.tsx","statementMap":{"0":{"start":{"line":5,"column":14},"end":{"line":19,"column":null}},"1":{"start":{"line":7,"column":4},"end":{"line":16,"column":null}},"2":{"start":{"line":20,"column":0},"end":{"line":20,"column":null}}},"fnMap":{"0":{"name":"(anonymous_0)","decl":{"start":{"line":6,"column":2},"end":{"line":6,"column":3}},"loc":{"start":{"line":6,"column":42},"end":{"line":18,"column":null}},"line":6}},"branchMap":{},"s":{"0":2,"1":40,"2":2},"f":{"0":40},"b":{},"meta":{"lastBranch":0,"lastFunction":1,"lastStatement":3,"seen":{"s:5:14:19:Infinity":0,"f:6:2:6:3":0,"s:7:4:16:Infinity":1,"s:20:0:20:Infinity":2}}}
,"/home/dwiga/Projects/Personal/VetHub/frontend/src/components/ui/label.tsx": {"path":"/home/dwiga/Projects/Personal/VetHub/frontend/src/components/ui/label.tsx","statementMap":{"0":{"start":{"line":7,"column":0},"end":{"line":7,"column":null}},"1":{"start":{"line":9,"column":6},"end":{"line":11,"column":null}},"2":{"start":{"line":13,"column":14},"end":{"line":23,"column":null}},"3":{"start":{"line":18,"column":2},"end":{"line":22,"column":null}},"4":{"start":{"line":24,"column":0},"end":{"line":24,"column":null}}},"fnMap":{"0":{"name":"(anonymous_0)","decl":{"start":{"line":17,"column":2},"end":{"line":17,"column":3}},"loc":{"start":{"line":18,"column":2},"end":{"line":22,"column":null}},"line":18}},"branchMap":{},"s":{"0":1,"1":1,"2":1,"3":16,"4":1},"f":{"0":16},"b":{},"meta":{"lastBranch":0,"lastFunction":1,"lastStatement":5,"seen":{"s:7:0:7:Infinity":0,"s:9:6:11:Infinity":1,"s:13:14:23:Infinity":2,"f:17:2:17:3":0,"s:18:2:22:Infinity":3,"s:24:0:24:Infinity":4}}}
,"/home/dwiga/Projects/Personal/VetHub/frontend/src/components/ui/select.tsx": {"path":"/home/dwiga/Projects/Personal/VetHub/frontend/src/components/ui/select.tsx","statementMap":{"0":{"start":{"line":7,"column":0},"end":{"line":7,"column":null}},"1":{"start":{"line":9,"column":15},"end":{"line":9,"column":null}},"2":{"start":{"line":11,"column":20},"end":{"line":11,"column":null}},"3":{"start":{"line":13,"column":20},"end":{"line":13,"column":null}},"4":{"start":{"line":15,"column":22},"end":{"line":32,"column":null}},"5":{"start":{"line":19,"column":2},"end":{"line":31,"column":null}},"6":{"start":{"line":33,"column":0},"end":{"line":33,"column":null}},"7":{"start":{"line":35,"column":29},"end":{"line":49,"column":null}},"8":{"start":{"line":39,"column":2},"end":{"line":48,"column":null}},"9":{"start":{"line":50,"column":0},"end":{"line":50,"column":null}},"10":{"start":{"line":52,"column":31},"end":{"line":66,"column":null}},"11":{"start":{"line":56,"column":2},"end":{"line":65,"column":null}},"12":{"start":{"line":67,"column":0},"end":{"line":68,"column":null}},"13":{"start":{"line":70,"column":22},"end":{"line":99,"column":null}},"14":{"start":{"line":74,"column":2},"end":{"line":98,"column":null}},"15":{"start":{"line":100,"column":0},"end":{"line":100,"column":null}},"16":{"start":{"line":102,"column":20},"end":{"line":111,"column":null}},"17":{"start":{"line":106,"column":2},"end":{"line":110,"column":null}},"18":{"start":{"line":112,"column":0},"end":{"line":112,"column":null}},"19":{"start":{"line":114,"column":19},"end":{"line":133,"column":null}},"20":{"start":{"line":118,"column":2},"end":{"line":132,"column":null}},"21":{"start":{"line":134,"column":0},"end":{"line":134,"column":null}},"22":{"start":{"line":136,"column":24},"end":{"line":145,"column":null}},"23":{"start":{"line":140,"column":2},"end":{"line":144,"column":null}},"24":{"start":{"line":146,"column":0},"end":{"line":146,"column":null}}},"fnMap":{"0":{"name":"(anonymous_0)","decl":{"start":{"line":18,"column":2},"end":{"line":18,"column":3}},"loc":{"start":{"line":19,"column":2},"end":{"line":31,"column":null}},"line":19},"1":{"name":"(anonymous_1)","decl":{"start":{"line":38,"column":2},"end":{"line":38,"column":3}},"loc":{"start":{"line":39,"column":2},"end":{"line":48,"column":null}},"line":39},"2":{"name":"(anonymous_2)","decl":{"start":{"line":55,"column":2},"end":{"line":55,"column":3}},"loc":{"start":{"line":56,"column":2},"end":{"line":65,"column":null}},"line":56},"3":{"name":"(anonymous_3)","decl":{"start":{"line":73,"column":2},"end":{"line":73,"column":3}},"loc":{"start":{"line":74,"column":2},"end":{"line":98,"column":null}},"line":74},"4":{"name":"(anonymous_4)","decl":{"start":{"line":105,"column":2},"end":{"line":105,"column":3}},"loc":{"start":{"line":106,"column":2},"end":{"line":110,"column":null}},"line":106},"5":{"name":"(anonymous_5)","decl":{"start":{"line":117,"column":2},"end":{"line":117,"column":3}},"loc":{"start":{"line":118,"column":2},"end":{"line":132,"column":null}},"line":118},"6":{"name":"(anonymous_6)","decl":{"start":{"line":139,"column":2},"end":{"line":139,"column":3}},"loc":{"start":{"line":140,"column":2},"end":{"line":144,"column":null}},"line":140}},"branchMap":{"0":{"loc":{"start":{"line":73,"column":26},"end":{"line":73,"column":47}},"type":"default-arg","locations":[{"start":{"line":73,"column":37},"end":{"line":73,"column":47}}],"line":73},"1":{"loc":{"start":{"line":79,"column":8},"end":{"line":80,"column":null}},"type":"binary-expr","locations":[{"start":{"line":79,"column":8},"end":{"line":79,"column":null}},{"start":{"line":80,"column":10},"end":{"line":80,"column":null}}],"line":79},"2":{"loc":{"start":{"line":90,"column":10},"end":{"line":91,"column":null}},"type":"binary-expr","locations":[{"start":{"line":90,"column":10},"end":{"line":90,"column":null}},{"start":{"line":91,"column":12},"end":{"line":91,"column":null}}],"line":90}},"s":{"0":1,"1":1,"2":1,"3":1,"4":1,"5":3,"6":1,"7":1,"8":3,"9":1,"10":1,"11":3,"12":1,"13":1,"14":3,"15":1,"16":1,"17":0,"18":1,"19":1,"20":6,"21":1,"22":1,"23":0,"24":1},"f":{"0":3,"1":3,"2":3,"3":3,"4":0,"5":6,"6":0},"b":{"0":[3],"1":[3,3],"2":[3,3]},"meta":{"lastBranch":3,"lastFunction":7,"lastStatement":25,"seen":{"s:7:0:7:Infinity":0,"s:9:15:9:Infinity":1,"s:11:20:11:Infinity":2,"s:13:20:13:Infinity":3,"s:15:22:32:Infinity":4,"f:18:2:18:3":0,"s:19:2:31:Infinity":5,"s:33:0:33:Infinity":6,"s:35:29:49:Infinity":7,"f:38:2:38:3":1,"s:39:2:48:Infinity":8,"s:50:0:50:Infinity":9,"s:52:31:66:Infinity":10,"f:55:2:55:3":2,"s:56:2:65:Infinity":11,"s:67:0:68:Infinity":12,"s:70:22:99:Infinity":13,"f:73:2:73:3":3,"s:74:2:98:Infinity":14,"b:73:37:73:47":0,"b:79:8:79:Infinity:80:10:80:Infinity":1,"b:90:10:90:Infinity:91:12:91:Infinity":2,"s:100:0:100:Infinity":15,"s:102:20:111:Infinity":16,"f:105:2:105:3":4,"s:106:2:110:Infinity":17,"s:112:0:112:Infinity":18,"s:114:19:133:Infinity":19,"f:117:2:117:3":5,"s:118:2:132:Infinity":20,"s:134:0:134:Infinity":21,"s:136:24:145:Infinity":22,"f:139:2:139:3":6,"s:140:2:144:Infinity":23,"s:146:0:146:Infinity":24}}}
,"/home/dwiga/Projects/Personal/VetHub/frontend/src/components/ui/textarea.tsx": {"path":"/home/dwiga/Projects/Personal/VetHub/frontend/src/components/ui/textarea.tsx","statementMap":{"0":{"start":{"line":5,"column":17},"end":{"line":19,"column":null}},"1":{"start":{"line":9,"column":2},"end":{"line":17,"column":null}},"2":{"start":{"line":20,"column":0},"end":{"line":20,"column":null}}},"fnMap":{"0":{"name":"(anonymous_0)","decl":{"start":{"line":8,"column":2},"end":{"line":8,"column":3}},"loc":{"start":{"line":8,"column":36},"end":{"line":19,"column":1}},"line":8}},"branchMap":{},"s":{"0":1,"1":1,"2":1},"f":{"0":1},"b":{},"meta":{"lastBranch":0,"lastFunction":1,"lastStatement":3,"seen":{"s:5:17:19:Infinity":0,"f:8:2:8:3":0,"s:9:2:17:Infinity":1,"s:20:0:20:Infinity":2}}}
,"/home/dwiga/Projects/Personal/VetHub/frontend/src/lib/hotel-enrichment.ts": {"path":"/home/dwiga/Projects/Personal/VetHub/frontend/src/lib/hotel-enrichment.ts","statementMap":{"0":{"start":{"line":25,"column":18},"end":{"line":25,"column":null}},"1":{"start":{"line":26,"column":2},"end":{"line":32,"column":null}},"2":{"start":{"line":36,"column":22},"end":{"line":36,"column":null}},"3":{"start":{"line":37,"column":17},"end":{"line":37,"column":null}},"4":{"start":{"line":38,"column":2},"end":{"line":38,"column":null}},"5":{"start":{"line":42,"column":40},"end":{"line":42,"column":null}},"6":{"start":{"line":43,"column":17},"end":{"line":43,"column":null}},"7":{"start":{"line":44,"column":20},"end":{"line":44,"column":null}},"8":{"start":{"line":45,"column":21},"end":{"line":47,"column":null}},"9":{"start":{"line":46,"column":19},"end":{"line":46,"column":38}},"10":{"start":{"line":47,"column":24},"end":{"line":47,"column":59}},"11":{"start":{"line":48,"column":24},"end":{"line":50,"column":null}},"12":{"start":{"line":49,"column":19},"end":{"line":49,"column":39}},"13":{"start":{"line":50,"column":24},"end":{"line":50,"column":59}},"14":{"start":{"line":51,"column":23},"end":{"line":51,"column":null}},"15":{"start":{"line":52,"column":18},"end":{"line":52,"column":null}},"16":{"start":{"line":54,"column":2},"end":{"line":54,"column":null}},"17":{"start":{"line":58,"column":2},"end":{"line":58,"column":null}},"18":{"start":{"line":62,"column":21},"end":{"line":62,"column":null}},"19":{"start":{"line":64,"column":2},"end":{"line":76,"column":null}}},"fnMap":{"0":{"name":"computeDaysIn","decl":{"start":{"line":24,"column":16},"end":{"line":24,"column":30}},"loc":{"start":{"line":24,"column":65},"end":{"line":33,"column":null}},"line":24},"1":{"name":"computeRoomFee","decl":{"start":{"line":35,"column":16},"end":{"line":35,"column":31}},"loc":{"start":{"line":35,"column":108},"end":{"line":39,"column":null}},"line":35},"2":{"name":"computeFinancials","decl":{"start":{"line":41,"column":16},"end":{"line":41,"column":34}},"loc":{"start":{"line":41,"column":65},"end":{"line":55,"column":null}},"line":41},"3":{"name":"(anonymous_3)","decl":{"start":{"line":46,"column":12},"end":{"line":46,"column":13}},"loc":{"start":{"line":46,"column":19},"end":{"line":46,"column":38}},"line":46},"4":{"name":"(anonymous_4)","decl":{"start":{"line":47,"column":12},"end":{"line":47,"column":13}},"loc":{"start":{"line":47,"column":24},"end":{"line":47,"column":59}},"line":47},"5":{"name":"(anonymous_5)","decl":{"start":{"line":49,"column":12},"end":{"line":49,"column":13}},"loc":{"start":{"line":49,"column":19},"end":{"line":49,"column":39}},"line":49},"6":{"name":"(anonymous_6)","decl":{"start":{"line":50,"column":12},"end":{"line":50,"column":13}},"loc":{"start":{"line":50,"column":24},"end":{"line":50,"column":59}},"line":50},"7":{"name":"roomFeeDescription","decl":{"start":{"line":57,"column":16},"end":{"line":57,"column":35}},"loc":{"start":{"line":57,"column":80},"end":{"line":59,"column":null}},"line":57},"8":{"name":"enrichHotelBooking","decl":{"start":{"line":61,"column":16},"end":{"line":61,"column":35}},"loc":{"start":{"line":61,"column":49},"end":{"line":77,"column":null}},"line":61}},"branchMap":{"0":{"loc":{"start":{"line":25,"column":18},"end":{"line":25,"column":null}},"type":"cond-expr","locations":[{"start":{"line":25,"column":37},"end":{"line":25,"column":66}},{"start":{"line":25,"column":66},"end":{"line":25,"column":null}}],"line":25},"1":{"loc":{"start":{"line":36,"column":22},"end":{"line":36,"column":null}},"type":"cond-expr","locations":[{"start":{"line":36,"column":41},"end":{"line":36,"column":72}},{"start":{"line":36,"column":72},"end":{"line":36,"column":null}}],"line":36},"2":{"loc":{"start":{"line":44,"column":20},"end":{"line":44,"column":null}},"type":"binary-expr","locations":[{"start":{"line":44,"column":20},"end":{"line":44,"column":41}},{"start":{"line":44,"column":41},"end":{"line":44,"column":null}}],"line":44},"3":{"loc":{"start":{"line":47,"column":31},"end":{"line":47,"column":59}},"type":"binary-expr","locations":[{"start":{"line":47,"column":31},"end":{"line":47,"column":55}},{"start":{"line":47,"column":55},"end":{"line":47,"column":59}}],"line":47},"4":{"loc":{"start":{"line":50,"column":31},"end":{"line":50,"column":59}},"type":"binary-expr","locations":[{"start":{"line":50,"column":31},"end":{"line":50,"column":55}},{"start":{"line":50,"column":55},"end":{"line":50,"column":59}}],"line":50},"5":{"loc":{"start":{"line":66,"column":13},"end":{"line":66,"column":null}},"type":"binary-expr","locations":[{"start":{"line":66,"column":13},"end":{"line":66,"column":34}},{"start":{"line":66,"column":34},"end":{"line":66,"column":null}}],"line":66},"6":{"loc":{"start":{"line":67,"column":16},"end":{"line":67,"column":null}},"type":"binary-expr","locations":[{"start":{"line":67,"column":16},"end":{"line":67,"column":46}},{"start":{"line":67,"column":46},"end":{"line":67,"column":null}}],"line":67},"7":{"loc":{"start":{"line":68,"column":15},"end":{"line":68,"column":null}},"type":"binary-expr","locations":[{"start":{"line":68,"column":15},"end":{"line":68,"column":43}},{"start":{"line":68,"column":43},"end":{"line":68,"column":null}}],"line":68},"8":{"loc":{"start":{"line":69,"column":16},"end":{"line":69,"column":null}},"type":"binary-expr","locations":[{"start":{"line":69,"column":16},"end":{"line":69,"column":45}},{"start":{"line":69,"column":45},"end":{"line":69,"column":null}}],"line":69},"9":{"loc":{"start":{"line":70,"column":16},"end":{"line":70,"column":null}},"type":"binary-expr","locations":[{"start":{"line":70,"column":16},"end":{"line":70,"column":40}},{"start":{"line":70,"column":40},"end":{"line":70,"column":null}}],"line":70}},"s":{"0":25,"1":25,"2":12,"3":12,"4":12,"5":6,"6":6,"7":6,"8":6,"9":8,"10":3,"11":6,"12":8,"13":5,"14":6,"15":6,"16":6,"17":2,"18":2,"19":2},"f":{"0":25,"1":12,"2":6,"3":8,"4":3,"5":8,"6":5,"7":2,"8":2},"b":{"0":[17,8],"1":[10,2],"2":[6,0],"3":[3,0],"4":[5,0],"5":[2,0],"6":[2,1],"7":[2,1],"8":[2,1],"9":[2,1]},"meta":{"lastBranch":10,"lastFunction":9,"lastStatement":20,"seen":{"f:24:16:24:30":0,"s:25:18:25:Infinity":0,"b:25:37:25:66:25:66:25:Infinity":0,"s:26:2:32:Infinity":1,"f:35:16:35:31":1,"s:36:22:36:Infinity":2,"b:36:41:36:72:36:72:36:Infinity":1,"s:37:17:37:Infinity":3,"s:38:2:38:Infinity":4,"f:41:16:41:34":2,"s:42:40:42:Infinity":5,"s:43:17:43:Infinity":6,"s:44:20:44:Infinity":7,"b:44:20:44:41:44:41:44:Infinity":2,"s:45:21:47:Infinity":8,"f:46:12:46:13":3,"s:46:19:46:38":9,"f:47:12:47:13":4,"s:47:24:47:59":10,"b:47:31:47:55:47:55:47:59":3,"s:48:24:50:Infinity":11,"f:49:12:49:13":5,"s:49:19:49:39":12,"f:50:12:50:13":6,"s:50:24:50:59":13,"b:50:31:50:55:50:55:50:59":4,"s:51:23:51:Infinity":14,"s:52:18:52:Infinity":15,"s:54:2:54:Infinity":16,"f:57:16:57:35":7,"s:58:2:58:Infinity":17,"f:61:16:61:35":8,"s:62:21:62:Infinity":18,"s:64:2:76:Infinity":19,"b:66:13:66:34:66:34:66:Infinity":5,"b:67:16:67:46:67:46:67:Infinity":6,"b:68:15:68:43:68:43:68:Infinity":7,"b:69:16:69:45:69:45:69:Infinity":8,"b:70:16:70:40:70:40:70:Infinity":9}}}
,"/home/dwiga/Projects/Personal/VetHub/frontend/src/lib/utils.ts": {"path":"/home/dwiga/Projects/Personal/VetHub/frontend/src/lib/utils.ts","statementMap":{"0":{"start":{"line":5,"column":2},"end":{"line":5,"column":null}}},"fnMap":{"0":{"name":"cn","decl":{"start":{"line":4,"column":16},"end":{"line":4,"column":22}},"loc":{"start":{"line":4,"column":44},"end":{"line":6,"column":null}},"line":4}},"branchMap":{},"s":{"0":1004},"f":{"0":1004},"b":{},"meta":{"lastBranch":0,"lastFunction":1,"lastStatement":1,"seen":{"f:4:16:4:22":0,"s:5:2:5:Infinity":0}}}
,"/home/dwiga/Projects/Personal/VetHub/frontend/src/routes/hotel.$bookingId.tsx": {"path":"/home/dwiga/Projects/Personal/VetHub/frontend/src/routes/hotel.$bookingId.tsx","statementMap":{"0":{"start":{"line":19,"column":13},"end":{"line":21,"column":null}},"1":{"start":{"line":23,"column":18},"end":{"line":28,"column":null}},"2":{"start":{"line":31,"column":38},"end":{"line":31,"column":null}},"3":{"start":{"line":32,"column":20},"end":{"line":32,"column":null}},"4":{"start":{"line":33,"column":12},"end":{"line":33,"column":null}},"5":{"start":{"line":34,"column":16},"end":{"line":34,"column":null}},"6":{"start":{"line":35,"column":8},"end":{"line":35,"column":null}},"7":{"start":{"line":36,"column":8},"end":{"line":36,"column":null}},"8":{"start":{"line":38,"column":8},"end":{"line":38,"column":null}},"9":{"start":{"line":39,"column":8},"end":{"line":39,"column":null}},"10":{"start":{"line":40,"column":8},"end":{"line":40,"column":null}},"11":{"start":{"line":41,"column":8},"end":{"line":41,"column":null}},"12":{"start":{"line":42,"column":8},"end":{"line":42,"column":null}},"13":{"start":{"line":43,"column":8},"end":{"line":43,"column":null}},"14":{"start":{"line":44,"column":8},"end":{"line":44,"column":null}},"15":{"start":{"line":46,"column":28},"end":{"line":46,"column":null}},"16":{"start":{"line":47,"column":28},"end":{"line":47,"column":null}},"17":{"start":{"line":48,"column":38},"end":{"line":48,"column":null}},"18":{"start":{"line":49,"column":32},"end":{"line":49,"column":null}},"19":{"start":{"line":50,"column":30},"end":{"line":50,"column":null}},"20":{"start":{"line":51,"column":30},"end":{"line":51,"column":null}},"21":{"start":{"line":52,"column":34},"end":{"line":52,"column":null}},"22":{"start":{"line":54,"column":12},"end":{"line":54,"column":null}},"23":{"start":{"line":55,"column":22},"end":{"line":55,"column":null}},"24":{"start":{"line":58,"column":4},"end":{"line":58,"column":null}},"25":{"start":{"line":58,"column":21},"end":{"line":58,"column":63}},"26":{"start":{"line":62,"column":4},"end":{"line":62,"column":null}},"27":{"start":{"line":62,"column":21},"end":{"line":62,"column":67}},"28":{"start":{"line":66,"column":4},"end":{"line":66,"column":null}},"29":{"start":{"line":67,"column":4},"end":{"line":75,"column":null}},"30":{"start":{"line":76,"column":4},"end":{"line":76,"column":null}},"31":{"start":{"line":77,"column":4},"end":{"line":77,"column":null}},"32":{"start":{"line":78,"column":4},"end":{"line":78,"column":null}},"33":{"start":{"line":82,"column":4},"end":{"line":82,"column":null}},"34":{"start":{"line":82,"column":43},"end":{"line":82,"column":null}},"35":{"start":{"line":83,"column":4},"end":{"line":83,"column":null}},"36":{"start":{"line":87,"column":17},"end":{"line":87,"column":null}},"37":{"start":{"line":88,"column":4},"end":{"line":88,"column":null}},"38":{"start":{"line":89,"column":4},"end":{"line":89,"column":null}},"39":{"start":{"line":93,"column":4},"end":{"line":93,"column":null}},"40":{"start":{"line":94,"column":4},"end":{"line":94,"column":null}},"41":{"start":{"line":98,"column":4},"end":{"line":98,"column":null}},"42":{"start":{"line":98,"column":49},"end":{"line":98,"column":null}},"43":{"start":{"line":99,"column":4},"end":{"line":99,"column":null}},"44":{"start":{"line":100,"column":4},"end":{"line":100,"column":null}},"45":{"start":{"line":101,"column":4},"end":{"line":101,"column":null}},"46":{"start":{"line":105,"column":4},"end":{"line":105,"column":null}},"47":{"start":{"line":105,"column":12},"end":{"line":105,"column":null}},"48":{"start":{"line":106,"column":4},"end":{"line":111,"column":null}},"49":{"start":{"line":112,"column":4},"end":{"line":112,"column":null}},"50":{"start":{"line":116,"column":4},"end":{"line":116,"column":null}},"51":{"start":{"line":117,"column":4},"end":{"line":117,"column":null}},"52":{"start":{"line":118,"column":4},"end":{"line":134,"column":null}},"53":{"start":{"line":119,"column":6},"end":{"line":127,"column":null}},"54":{"start":{"line":128,"column":6},"end":{"line":128,"column":null}},"55":{"start":{"line":129,"column":6},"end":{"line":129,"column":null}},"56":{"start":{"line":131,"column":6},"end":{"line":131,"column":null}},"57":{"start":{"line":133,"column":6},"end":{"line":133,"column":null}},"58":{"start":{"line":138,"column":4},"end":{"line":138,"column":null}},"59":{"start":{"line":139,"column":4},"end":{"line":163,"column":null}},"60":{"start":{"line":140,"column":21},"end":{"line":140,"column":null}},"61":{"start":{"line":141,"column":19},"end":{"line":141,"column":null}},"62":{"start":{"line":142,"column":6},"end":{"line":142,"column":null}},"63":{"start":{"line":143,"column":6},"end":{"line":158,"column":null}},"64":{"start":{"line":160,"column":6},"end":{"line":160,"column":null}},"65":{"start":{"line":162,"column":6},"end":{"line":162,"column":null}},"66":{"start":{"line":166,"column":2},"end":{"line":172,"column":null}},"67":{"start":{"line":166,"column":30},"end":{"line":172,"column":null}},"68":{"start":{"line":175,"column":2},"end":{"line":175,"column":null}},"69":{"start":{"line":175,"column":10},"end":{"line":175,"column":null}},"70":{"start":{"line":177,"column":19},"end":{"line":177,"column":null}},"71":{"start":{"line":178,"column":21},"end":{"line":178,"column":null}},"72":{"start":{"line":179,"column":26},"end":{"line":179,"column":null}},"73":{"start":{"line":180,"column":26},"end":{"line":180,"column":null}},"74":{"start":{"line":181,"column":28},"end":{"line":181,"column":null}},"75":{"start":{"line":182,"column":29},"end":{"line":182,"column":null}},"76":{"start":{"line":183,"column":18},"end":{"line":186,"column":null}},"77":{"start":{"line":188,"column":20},"end":{"line":188,"column":null}},"78":{"start":{"line":189,"column":22},"end":{"line":189,"column":null}},"79":{"start":{"line":190,"column":23},"end":{"line":190,"column":null}},"80":{"start":{"line":191,"column":25},"end":{"line":191,"column":null}},"81":{"start":{"line":192,"column":24},"end":{"line":192,"column":null}},"82":{"start":{"line":193,"column":19},"end":{"line":193,"column":null}},"83":{"start":{"line":194,"column":28},"end":{"line":194,"column":null}},"84":{"start":{"line":196,"column":25},"end":{"line":198,"column":null}},"85":{"start":{"line":197,"column":4},"end":{"line":197,"column":null}},"86":{"start":{"line":200,"column":2},"end":{"line":507,"column":null}},"87":{"start":{"line":383,"column":20},"end":{"line":421,"column":null}},"88":{"start":{"line":416,"column":39},"end":{"line":416,"column":null}},"89":{"start":{"line":437,"column":33},"end":{"line":437,"column":null}},"90":{"start":{"line":466,"column":33},"end":{"line":466,"column":null}},"91":{"start":{"line":466,"column":51},"end":{"line":466,"column":85}},"92":{"start":{"line":476,"column":33},"end":{"line":476,"column":null}},"93":{"start":{"line":476,"column":51},"end":{"line":476,"column":94}},"94":{"start":{"line":487,"column":33},"end":{"line":487,"column":null}},"95":{"start":{"line":487,"column":51},"end":{"line":487,"column":86}},"96":{"start":{"line":497,"column":33},"end":{"line":497,"column":null}},"97":{"start":{"line":497,"column":51},"end":{"line":497,"column":83}}},"fnMap":{"0":{"name":"HotelBookingPage","decl":{"start":{"line":30,"column":9},"end":{"line":30,"column":28}},"loc":{"start":{"line":30,"column":28},"end":{"line":509,"column":null}},"line":30},"1":{"name":"handleLogChange","decl":{"start":{"line":57,"column":11},"end":{"line":57,"column":27}},"loc":{"start":{"line":57,"column":89},"end":{"line":59,"column":null}},"line":57},"2":{"name":"(anonymous_2)","decl":{"start":{"line":58,"column":15},"end":{"line":58,"column":21}},"loc":{"start":{"line":58,"column":21},"end":{"line":58,"column":63}},"line":58},"3":{"name":"handleTypeChange","decl":{"start":{"line":61,"column":11},"end":{"line":61,"column":28}},"loc":{"start":{"line":61,"column":43},"end":{"line":63,"column":null}},"line":61},"4":{"name":"(anonymous_4)","decl":{"start":{"line":62,"column":15},"end":{"line":62,"column":21}},"loc":{"start":{"line":62,"column":21},"end":{"line":62,"column":67}},"line":62},"5":{"name":"handleAddLog","decl":{"start":{"line":65,"column":17},"end":{"line":65,"column":30}},"loc":{"start":{"line":65,"column":50},"end":{"line":79,"column":null}},"line":65},"6":{"name":"handleDeleteLog","decl":{"start":{"line":81,"column":17},"end":{"line":81,"column":33}},"loc":{"start":{"line":81,"column":48},"end":{"line":84,"column":null}},"line":81},"7":{"name":"handleCheckOut","decl":{"start":{"line":86,"column":17},"end":{"line":86,"column":34}},"loc":{"start":{"line":86,"column":34},"end":{"line":90,"column":null}},"line":86},"8":{"name":"handleMulai","decl":{"start":{"line":92,"column":17},"end":{"line":92,"column":31}},"loc":{"start":{"line":92,"column":31},"end":{"line":95,"column":null}},"line":92},"9":{"name":"handleDelete","decl":{"start":{"line":97,"column":17},"end":{"line":97,"column":32}},"loc":{"start":{"line":97,"column":32},"end":{"line":102,"column":null}},"line":97},"10":{"name":"openEditDialog","decl":{"start":{"line":104,"column":11},"end":{"line":104,"column":28}},"loc":{"start":{"line":104,"column":28},"end":{"line":113,"column":null}},"line":104},"11":{"name":"handleEditSave","decl":{"start":{"line":115,"column":17},"end":{"line":115,"column":32}},"loc":{"start":{"line":115,"column":52},"end":{"line":135,"column":null}},"line":115},"12":{"name":"handleShare","decl":{"start":{"line":137,"column":17},"end":{"line":137,"column":31}},"loc":{"start":{"line":137,"column":31},"end":{"line":164,"column":null}},"line":137},"13":{"name":"(anonymous_13)","decl":{"start":{"line":196,"column":25},"end":{"line":196,"column":31}},"loc":{"start":{"line":196,"column":31},"end":{"line":198,"column":null}},"line":196},"14":{"name":"(anonymous_14)","decl":{"start":{"line":382,"column":28},"end":{"line":382,"column":29}},"loc":{"start":{"line":383,"column":20},"end":{"line":421,"column":null}},"line":383},"15":{"name":"(anonymous_15)","decl":{"start":{"line":416,"column":33},"end":{"line":416,"column":39}},"loc":{"start":{"line":416,"column":39},"end":{"line":416,"column":null}},"line":416},"16":{"name":"(anonymous_16)","decl":{"start":{"line":437,"column":28},"end":{"line":437,"column":33}},"loc":{"start":{"line":437,"column":33},"end":{"line":437,"column":null}},"line":437},"17":{"name":"(anonymous_17)","decl":{"start":{"line":466,"column":28},"end":{"line":466,"column":33}},"loc":{"start":{"line":466,"column":33},"end":{"line":466,"column":null}},"line":466},"18":{"name":"(anonymous_18)","decl":{"start":{"line":466,"column":45},"end":{"line":466,"column":51}},"loc":{"start":{"line":466,"column":51},"end":{"line":466,"column":85}},"line":466},"19":{"name":"(anonymous_19)","decl":{"start":{"line":476,"column":28},"end":{"line":476,"column":33}},"loc":{"start":{"line":476,"column":33},"end":{"line":476,"column":null}},"line":476},"20":{"name":"(anonymous_20)","decl":{"start":{"line":476,"column":45},"end":{"line":476,"column":51}},"loc":{"start":{"line":476,"column":51},"end":{"line":476,"column":94}},"line":476},"21":{"name":"(anonymous_21)","decl":{"start":{"line":487,"column":28},"end":{"line":487,"column":33}},"loc":{"start":{"line":487,"column":33},"end":{"line":487,"column":null}},"line":487},"22":{"name":"(anonymous_22)","decl":{"start":{"line":487,"column":45},"end":{"line":487,"column":51}},"loc":{"start":{"line":487,"column":51},"end":{"line":487,"column":86}},"line":487},"23":{"name":"(anonymous_23)","decl":{"start":{"line":497,"column":28},"end":{"line":497,"column":33}},"loc":{"start":{"line":497,"column":33},"end":{"line":497,"column":null}},"line":497},"24":{"name":"(anonymous_24)","decl":{"start":{"line":497,"column":45},"end":{"line":497,"column":51}},"loc":{"start":{"line":497,"column":51},"end":{"line":497,"column":83}},"line":497}},"branchMap":{"0":{"loc":{"start":{"line":55,"column":22},"end":{"line":55,"column":null}},"type":"binary-expr","locations":[{"start":{"line":55,"column":22},"end":{"line":55,"column":40}},{"start":{"line":55,"column":40},"end":{"line":55,"column":null}}],"line":55},"1":{"loc":{"start":{"line":72,"column":21},"end":{"line":72,"column":null}},"type":"binary-expr","locations":[{"start":{"line":72,"column":21},"end":{"line":72,"column":44}},{"start":{"line":72,"column":44},"end":{"line":72,"column":null}}],"line":72},"2":{"loc":{"start":{"line":73,"column":16},"end":{"line":73,"column":null}},"type":"cond-expr","locations":[{"start":{"line":73,"column":33},"end":{"line":73,"column":62}},{"start":{"line":73,"column":62},"end":{"line":73,"column":null}}],"line":73},"3":{"loc":{"start":{"line":82,"column":4},"end":{"line":82,"column":null}},"type":"if","locations":[{"start":{"line":82,"column":4},"end":{"line":82,"column":null}},{"start":{},"end":{}}],"line":82},"4":{"loc":{"start":{"line":87,"column":17},"end":{"line":87,"column":null}},"type":"binary-expr","locations":[{"start":{"line":87,"column":17},"end":{"line":87,"column":33}},{"start":{"line":87,"column":17},"end":{"line":87,"column":null}}],"line":87},"5":{"loc":{"start":{"line":98,"column":4},"end":{"line":98,"column":null}},"type":"if","locations":[{"start":{"line":98,"column":4},"end":{"line":98,"column":null}},{"start":{},"end":{}}],"line":98},"6":{"loc":{"start":{"line":105,"column":4},"end":{"line":105,"column":null}},"type":"if","locations":[{"start":{"line":105,"column":4},"end":{"line":105,"column":null}},{"start":{},"end":{}}],"line":105},"7":{"loc":{"start":{"line":108,"column":25},"end":{"line":108,"column":null}},"type":"binary-expr","locations":[{"start":{"line":108,"column":25},"end":{"line":108,"column":55}},{"start":{"line":108,"column":55},"end":{"line":108,"column":null}}],"line":108},"8":{"loc":{"start":{"line":109,"column":16},"end":{"line":109,"column":null}},"type":"cond-expr","locations":[{"start":{"line":109,"column":29},"end":{"line":109,"column":50}},{"start":{"line":109,"column":50},"end":{"line":109,"column":null}}],"line":109},"9":{"loc":{"start":{"line":110,"column":13},"end":{"line":110,"column":null}},"type":"binary-expr","locations":[{"start":{"line":110,"column":13},"end":{"line":110,"column":24}},{"start":{"line":110,"column":24},"end":{"line":110,"column":null}}],"line":110},"10":{"loc":{"start":{"line":123,"column":28},"end":{"line":123,"column":null}},"type":"binary-expr","locations":[{"start":{"line":123,"column":28},"end":{"line":123,"column":57}},{"start":{"line":123,"column":57},"end":{"line":123,"column":null}}],"line":123},"11":{"loc":{"start":{"line":124,"column":20},"end":{"line":124,"column":null}},"type":"cond-expr","locations":[{"start":{"line":124,"column":40},"end":{"line":124,"column":68}},{"start":{"line":124,"column":68},"end":{"line":124,"column":null}}],"line":124},"12":{"loc":{"start":{"line":125,"column":17},"end":{"line":125,"column":null}},"type":"binary-expr","locations":[{"start":{"line":125,"column":17},"end":{"line":125,"column":35}},{"start":{"line":125,"column":35},"end":{"line":125,"column":null}}],"line":125},"13":{"loc":{"start":{"line":166,"column":2},"end":{"line":172,"column":null}},"type":"if","locations":[{"start":{"line":166,"column":2},"end":{"line":172,"column":null}},{"start":{},"end":{}}],"line":166},"14":{"loc":{"start":{"line":175,"column":2},"end":{"line":175,"column":null}},"type":"if","locations":[{"start":{"line":175,"column":2},"end":{"line":175,"column":null}},{"start":{},"end":{}}],"line":175},"15":{"loc":{"start":{"line":179,"column":26},"end":{"line":179,"column":null}},"type":"binary-expr","locations":[{"start":{"line":179,"column":26},"end":{"line":179,"column":47}},{"start":{"line":179,"column":47},"end":{"line":179,"column":null}}],"line":179},"16":{"loc":{"start":{"line":180,"column":26},"end":{"line":180,"column":null}},"type":"binary-expr","locations":[{"start":{"line":180,"column":26},"end":{"line":180,"column":50}},{"start":{"line":180,"column":50},"end":{"line":180,"column":null}}],"line":180},"17":{"loc":{"start":{"line":181,"column":28},"end":{"line":181,"column":null}},"type":"binary-expr","locations":[{"start":{"line":181,"column":28},"end":{"line":181,"column":51}},{"start":{"line":181,"column":51},"end":{"line":181,"column":null}}],"line":181},"18":{"loc":{"start":{"line":182,"column":29},"end":{"line":182,"column":null}},"type":"binary-expr","locations":[{"start":{"line":182,"column":29},"end":{"line":182,"column":53}},{"start":{"line":182,"column":53},"end":{"line":182,"column":null}}],"line":182},"19":{"loc":{"start":{"line":183,"column":18},"end":{"line":186,"column":null}},"type":"binary-expr","locations":[{"start":{"line":183,"column":18},"end":{"line":183,"column":null}},{"start":{"line":184,"column":4},"end":{"line":186,"column":null}}],"line":183},"20":{"loc":{"start":{"line":184,"column":4},"end":{"line":186,"column":null}},"type":"cond-expr","locations":[{"start":{"line":185,"column":8},"end":{"line":185,"column":null}},{"start":{"line":186,"column":8},"end":{"line":186,"column":null}}],"line":184},"21":{"loc":{"start":{"line":188,"column":20},"end":{"line":188,"column":null}},"type":"binary-expr","locations":[{"start":{"line":188,"column":20},"end":{"line":188,"column":42}},{"start":{"line":188,"column":42},"end":{"line":188,"column":null}}],"line":188},"22":{"loc":{"start":{"line":189,"column":22},"end":{"line":189,"column":null}},"type":"cond-expr","locations":[{"start":{"line":189,"column":33},"end":{"line":189,"column":56}},{"start":{"line":189,"column":56},"end":{"line":189,"column":null}}],"line":189},"23":{"loc":{"start":{"line":191,"column":25},"end":{"line":191,"column":null}},"type":"binary-expr","locations":[{"start":{"line":191,"column":25},"end":{"line":191,"column":52}},{"start":{"line":191,"column":52},"end":{"line":191,"column":null}}],"line":191},"24":{"loc":{"start":{"line":192,"column":24},"end":{"line":192,"column":null}},"type":"binary-expr","locations":[{"start":{"line":192,"column":24},"end":{"line":192,"column":50}},{"start":{"line":192,"column":50},"end":{"line":192,"column":null}}],"line":192},"25":{"loc":{"start":{"line":193,"column":19},"end":{"line":193,"column":null}},"type":"binary-expr","locations":[{"start":{"line":193,"column":19},"end":{"line":193,"column":40}},{"start":{"line":193,"column":40},"end":{"line":193,"column":null}}],"line":193},"26":{"loc":{"start":{"line":194,"column":28},"end":{"line":194,"column":null}},"type":"binary-expr","locations":[{"start":{"line":194,"column":28},"end":{"line":194,"column":58}},{"start":{"line":194,"column":58},"end":{"line":194,"column":null}}],"line":194},"27":{"loc":{"start":{"line":204,"column":18},"end":{"line":204,"column":null}},"type":"binary-expr","locations":[{"start":{"line":204,"column":18},"end":{"line":204,"column":36}},{"start":{"line":204,"column":36},"end":{"line":204,"column":null}}],"line":204},"28":{"loc":{"start":{"line":208,"column":10},"end":{"line":212,"column":null}},"type":"cond-expr","locations":[{"start":{"line":209,"column":12},"end":{"line":211,"column":null}},{"start":{"line":212,"column":14},"end":{"line":212,"column":null}}],"line":208},"29":{"loc":{"start":{"line":218,"column":9},"end":{"line":255,"column":null}},"type":"binary-expr","locations":[{"start":{"line":218,"column":9},"end":{"line":218,"column":null}},{"start":{"line":219,"column":10},"end":{"line":255,"column":null}}],"line":218},"30":{"loc":{"start":{"line":226,"column":21},"end":{"line":226,"column":null}},"type":"cond-expr","locations":[{"start":{"line":226,"column":40},"end":{"line":226,"column":93}},{"start":{"line":226,"column":93},"end":{"line":226,"column":null}}],"line":226},"31":{"loc":{"start":{"line":261,"column":13},"end":{"line":265,"column":null}},"type":"binary-expr","locations":[{"start":{"line":261,"column":13},"end":{"line":261,"column":null}},{"start":{"line":262,"column":14},"end":{"line":265,"column":null}}],"line":261},"32":{"loc":{"start":{"line":264,"column":65},"end":{"line":264,"column":116}},"type":"cond-expr","locations":[{"start":{"line":264,"column":85},"end":{"line":264,"column":113}},{"start":{"line":264,"column":113},"end":{"line":264,"column":116}}],"line":264},"33":{"loc":{"start":{"line":271,"column":13},"end":{"line":275,"column":null}},"type":"binary-expr","locations":[{"start":{"line":271,"column":13},"end":{"line":271,"column":27}},{"start":{"line":271,"column":27},"end":{"line":271,"column":null}},{"start":{"line":272,"column":14},"end":{"line":275,"column":null}}],"line":271},"34":{"loc":{"start":{"line":277,"column":13},"end":{"line":281,"column":null}},"type":"binary-expr","locations":[{"start":{"line":277,"column":13},"end":{"line":277,"column":null}},{"start":{"line":278,"column":14},"end":{"line":281,"column":null}}],"line":277},"35":{"loc":{"start":{"line":283,"column":14},"end":{"line":287,"column":null}},"type":"binary-expr","locations":[{"start":{"line":283,"column":14},"end":{"line":283,"column":null}},{"start":{"line":284,"column":14},"end":{"line":287,"column":null}}],"line":283},"36":{"loc":{"start":{"line":291,"column":45},"end":{"line":291,"column":71}},"type":"cond-expr","locations":[{"start":{"line":291,"column":58},"end":{"line":291,"column":64}},{"start":{"line":291,"column":64},"end":{"line":291,"column":71}}],"line":291},"37":{"loc":{"start":{"line":293,"column":13},"end":{"line":297,"column":null}},"type":"binary-expr","locations":[{"start":{"line":293,"column":13},"end":{"line":293,"column":null}},{"start":{"line":294,"column":14},"end":{"line":297,"column":null}}],"line":293},"38":{"loc":{"start":{"line":299,"column":13},"end":{"line":299,"column":null}},"type":"binary-expr","locations":[{"start":{"line":299,"column":13},"end":{"line":299,"column":24}},{"start":{"line":299,"column":24},"end":{"line":299,"column":null}}],"line":299},"39":{"loc":{"start":{"line":304,"column":9},"end":{"line":323,"column":null}},"type":"binary-expr","locations":[{"start":{"line":304,"column":9},"end":{"line":304,"column":null}},{"start":{"line":305,"column":10},"end":{"line":323,"column":null}}],"line":304},"40":{"loc":{"start":{"line":308,"column":57},"end":{"line":308,"column":96}},"type":"binary-expr","locations":[{"start":{"line":308,"column":57},"end":{"line":308,"column":79}},{"start":{"line":308,"column":79},"end":{"line":308,"column":96}}],"line":308},"41":{"loc":{"start":{"line":312,"column":57},"end":{"line":312,"column":94}},"type":"binary-expr","locations":[{"start":{"line":312,"column":57},"end":{"line":312,"column":78}},{"start":{"line":312,"column":78},"end":{"line":312,"column":94}}],"line":312},"42":{"loc":{"start":{"line":316,"column":23},"end":{"line":316,"column":49}},"type":"binary-expr","locations":[{"start":{"line":316,"column":23},"end":{"line":316,"column":39}},{"start":{"line":316,"column":39},"end":{"line":316,"column":49}}],"line":316},"43":{"loc":{"start":{"line":317,"column":36},"end":{"line":317,"column":84}},"type":"cond-expr","locations":[{"start":{"line":317,"column":51},"end":{"line":317,"column":70}},{"start":{"line":317,"column":70},"end":{"line":317,"column":84}}],"line":317},"44":{"loc":{"start":{"line":319,"column":19},"end":{"line":319,"column":null}},"type":"cond-expr","locations":[{"start":{"line":319,"column":33},"end":{"line":319,"column":70}},{"start":{"line":319,"column":70},"end":{"line":319,"column":null}}],"line":319},"45":{"loc":{"start":{"line":319,"column":38},"end":{"line":319,"column":64}},"type":"binary-expr","locations":[{"start":{"line":319,"column":38},"end":{"line":319,"column":56}},{"start":{"line":319,"column":56},"end":{"line":319,"column":64}}],"line":319},"46":{"loc":{"start":{"line":319,"column":70},"end":{"line":319,"column":null}},"type":"cond-expr","locations":[{"start":{"line":319,"column":84},"end":{"line":319,"column":126}},{"start":{"line":319,"column":126},"end":{"line":319,"column":null}}],"line":319},"47":{"loc":{"start":{"line":319,"column":89},"end":{"line":319,"column":120}},"type":"binary-expr","locations":[{"start":{"line":319,"column":89},"end":{"line":319,"column":108}},{"start":{"line":319,"column":108
[...]
nd":{"line":21,"column":null}},"13":{"start":{"line":22,"column":21},"end":{"line":22,"column":null}},"14":{"start":{"line":23,"column":10},"end":{"line":23,"column":null}},"15":{"start":{"line":26,"column":25},"end":{"line":40,"column":null}},"16":{"start":{"line":42,"column":28},"end":{"line":42,"column":null}},"17":{"start":{"line":43,"column":28},"end":{"line":43,"column":null}},"18":{"start":{"line":43,"column":49},"end":{"line":43,"column":70}},"19":{"start":{"line":46,"column":29},"end":{"line":51,"column":null}},"20":{"start":{"line":47,"column":16},"end":{"line":49,"column":null}},"21":{"start":{"line":48,"column":25},"end":{"line":48,"column":45}},"22":{"start":{"line":49,"column":32},"end":{"line":49,"column":69}},"23":{"start":{"line":50,"column":10},"end":{"line":50,"column":null}},"24":{"start":{"line":54,"column":27},"end":{"line":54,"column":null}},"25":{"start":{"line":55,"column":8},"end":{"line":64,"column":null}},"26":{"start":{"line":56,"column":10},"end":{"line":63,"column":null}},"27":{"start":{"line":57,"column":12},"end":{"line":62,"column":null}},"28":{"start":{"line":58,"column":31},"end":{"line":58,"column":null}},"29":{"start":{"line":59,"column":14},"end":{"line":59,"column":null}},"30":{"start":{"line":60,"column":14},"end":{"line":60,"column":null}},"31":{"start":{"line":61,"column":14},"end":{"line":61,"column":null}},"32":{"start":{"line":65,"column":28},"end":{"line":68,"column":null}},"33":{"start":{"line":66,"column":33},"end":{"line":66,"column":82}},"34":{"start":{"line":67,"column":26},"end":{"line":67,"column":47}},"35":{"start":{"line":71,"column":23},"end":{"line":83,"column":null}},"36":{"start":{"line":72,"column":16},"end":{"line":72,"column":null}},"37":{"start":{"line":73,"column":10},"end":{"line":82,"column":null}},"38":{"start":{"line":85,"column":8},"end":{"line":91,"column":null}}},"fnMap":{"0":{"name":"(anonymous_0)","decl":{"start":{"line":9,"column":11},"end":{"line":9,"column":18}},"loc":{"start":{"line":9,"column":34},"end":{"line":92,"column":null}},"line":9},"1":{"name":"(anonymous_1)","decl":{"start":{"line":43,"column":44},"end":{"line":43,"column":49}},"loc":{"start":{"line":43,"column":49},"end":{"line":43,"column":70}},"line":43},"2":{"name":"(anonymous_2)","decl":{"start":{"line":46,"column":45},"end":{"line":46,"column":46}},"loc":{"start":{"line":46,"column":55},"end":{"line":51,"column":11}},"line":46},"3":{"name":"(anonymous_3)","decl":{"start":{"line":48,"column":20},"end":{"line":48,"column":25}},"loc":{"start":{"line":48,"column":25},"end":{"line":48,"column":45}},"line":48},"4":{"name":"(anonymous_4)","decl":{"start":{"line":49,"column":20},"end":{"line":49,"column":21}},"loc":{"start":{"line":49,"column":32},"end":{"line":49,"column":69}},"line":49},"5":{"name":"(anonymous_5)","decl":{"start":{"line":66,"column":15},"end":{"line":66,"column":16}},"loc":{"start":{"line":66,"column":33},"end":{"line":66,"column":82}},"line":66},"6":{"name":"(anonymous_6)","decl":{"start":{"line":67,"column":16},"end":{"line":67,"column":17}},"loc":{"start":{"line":67,"column":26},"end":{"line":67,"column":47}},"line":67},"7":{"name":"(anonymous_7)","decl":{"start":{"line":71,"column":36},"end":{"line":71,"column":41}},"loc":{"start":{"line":71,"column":41},"end":{"line":83,"column":9}},"line":71}},"branchMap":{"0":{"loc":{"start":{"line":11,"column":8},"end":{"line":11,"column":null}},"type":"if","locations":[{"start":{"line":11,"column":8},"end":{"line":11,"column":null}},{"start":{},"end":{}}],"line":11},"1":{"loc":{"start":{"line":12,"column":24},"end":{"line":12,"column":null}},"type":"binary-expr","locations":[{"start":{"line":12,"column":24},"end":{"line":12,"column":40}},{"start":{"line":12,"column":40},"end":{"line":12,"column":null}}],"line":12},"2":{"loc":{"start":{"line":13,"column":8},"end":{"line":13,"column":null}},"type":"if","locations":[{"start":{"line":13,"column":8},"end":{"line":13,"column":null}},{"start":{},"end":{}}],"line":13},"3":{"loc":{"start":{"line":16,"column":26},"end":{"line":16,"column":null}},"type":"binary-expr","locations":[{"start":{"line":16,"column":26},"end":{"line":16,"column":63}},{"start":{"line":16,"column":63},"end":{"line":16,"column":null}}],"line":16},"4":{"loc":{"start":{"line":17,"column":24},"end":{"line":17,"column":null}},"type":"binary-expr","locations":[{"start":{"line":17,"column":24},"end":{"line":17,"column":59}},{"start":{"line":17,"column":59},"end":{"line":17,"column":null}}],"line":17},"5":{"loc":{"start":{"line":20,"column":8},"end":{"line":24,"column":null}},"type":"if","locations":[{"start":{"line":20,"column":8},"end":{"line":24,"column":null}},{"start":{},"end":{}}],"line":20},"6":{"loc":{"start":{"line":20,"column":12},"end":{"line":20,"column":34}},"type":"binary-expr","locations":[{"start":{"line":20,"column":12},"end":{"line":20,"column":25}},{"start":{"line":20,"column":25},"end":{"line":20,"column":34}}],"line":20},"7":{"loc":{"start":{"line":21,"column":23},"end":{"line":21,"column":null}},"type":"binary-expr","locations":[{"start":{"line":21,"column":23},"end":{"line":21,"column":36}},{"start":{"line":21,"column":36},"end":{"line":21,"column":null}}],"line":21},"8":{"loc":{"start":{"line":22,"column":21},"end":{"line":22,"column":null}},"type":"binary-expr","locations":[{"start":{"line":22,"column":21},"end":{"line":22,"column":32}},{"start":{"line":22,"column":32},"end":{"line":22,"column":null}}],"line":22},"9":{"loc":{"start":{"line":47,"column":28},"end":{"line":47,"column":null}},"type":"binary-expr","locations":[{"start":{"line":47,"column":28},"end":{"line":47,"column":43}},{"start":{"line":47,"column":43},"end":{"line":47,"column":null}}],"line":47},"10":{"loc":{"start":{"line":49,"column":50},"end":{"line":49,"column":65}},"type":"binary-expr","locations":[{"start":{"line":49,"column":50},"end":{"line":49,"column":62}},{"start":{"line":49,"column":62},"end":{"line":49,"column":65}}],"line":49},"11":{"loc":{"start":{"line":56,"column":28},"end":{"line":56,"column":47}},"type":"binary-expr","locations":[{"start":{"line":56,"column":28},"end":{"line":56,"column":43}},{"start":{"line":56,"column":43},"end":{"line":56,"column":47}}],"line":56},"12":{"loc":{"start":{"line":57,"column":12},"end":{"line":62,"column":null}},"type":"if","locations":[{"start":{"line":57,"column":12},"end":{"line":62,"column":null}},{"start":{},"end":{}}],"line":57},"13":{"loc":{"start":{"line":57,"column":16},"end":{"line":57,"column":58}},"type":"binary-expr","locations":[{"start":{"line":57,"column":16},"end":{"line":57,"column":41}},{"start":{"line":57,"column":41},"end":{"line":57,"column":58}}],"line":57},"14":{"loc":{"start":{"line":58,"column":31},"end":{"line":58,"column":null}},"type":"binary-expr","locations":[{"start":{"line":58,"column":31},"end":{"line":58,"column":66}},{"start":{"line":58,"column":66},"end":{"line":58,"column":null}}],"line":58},"15":{"loc":{"start":{"line":60,"column":45},"end":{"line":60,"column":62}},"type":"binary-expr","locations":[{"start":{"line":60,"column":45},"end":{"line":60,"column":59}},{"start":{"line":60,"column":59},"end":{"line":60,"column":62}}],"line":60},"16":{"loc":{"start":{"line":75,"column":21},"end":{"line":75,"column":null}},"type":"binary-expr","locations":[{"start":{"line":75,"column":21},"end":{"line":75,"column":36}},{"start":{"line":75,"column":36},"end":{"line":75,"column":null}}],"line":75},"17":{"loc":{"start":{"line":76,"column":25},"end":{"line":76,"column":null}},"type":"binary-expr","locations":[{"start":{"line":76,"column":25},"end":{"line":76,"column":56}},{"start":{"line":76,"column":56},"end":{"line":76,"column":null}}],"line":76}},"s":{"0":1,"1":6,"2":6,"3":1,"4":5,"5":6,"6":1,"7":4,"8":4,"9":6,"10":6,"11":6,"12":1,"13":1,"14":1,"15":4,"16":4,"17":4,"18":3,"19":4,"20":3,"21":5,"22":3,"23":3,"24":4,"25":4,"26":3,"27":5,"28":2,"29":2,"30":2,"31":2,"32":4,"33":2,"34":0,"35":4,"36":3,"37":3,"38":4},"f":{"0":6,"1":3,"2":3,"3":5,"4":3,"5":2,"6":0,"7":3},"b":{"0":[1,5],"1":[5,1],"2":[1,5],"3":[4,3],"4":[6,3],"5":[1,5],"6":[6,3],"7":[1,0],"8":[1,0],"9":[3,0],"10":[3,0],"11":[3,0],"12":[2,3],"13":[5,2],"14":[2,2],"15":[2,0],"16":[3,0],"17":[3,0]},"meta":{"lastBranch":18,"lastFunction":8,"lastStatement":39,"seen":{"s:6:13:95:Infinity":0,"f:9:11:9:18":0,"s:10:21:10:Infinity":1,"b:11:8:11:Infinity:undefined:undefined:undefined:undefined":0,"s:11:8:11:Infinity":2,"s:11:19:11:Infinity":3,"s:12:24:12:Infinity":4,"b:12:24:12:40:12:40:12:Infinity":1,"b:13:8:13:Infinity:undefined:undefined:undefined:undefined":2,"s:13:8:13:Infinity":5,"s:13:22:13:Infinity":6,"s:15:20:15:Infinity":7,"s:16:26:16:Infinity":8,"b:16:26:16:63:16:63:16:Infinity":3,"s:17:24:17:Infinity":9,"b:17:24:17:59:17:59:17:Infinity":4,"s:19:50:19:Infinity":10,"b:20:8:24:Infinity:undefined:undefined:undefined:undefined":5,"s:20:8:24:Infinity":11,"b:20:12:20:25:20:25:20:34":6,"s:21:23:21:Infinity":12,"b:21:23:21:36:21:36:21:Infinity":7,"s:22:21:22:Infinity":13,"b:22:21:22:32:22:32:22:Infinity":8,"s:23:10:23:Infinity":14,"s:26:25:40:Infinity":15,"s:42:28:42:Infinity":16,"s:43:28:43:Infinity":17,"f:43:44:43:49":1,"s:43:49:43:70":18,"s:46:29:51:Infinity":19,"f:46:45:46:46":2,"s:47:16:49:Infinity":20,"b:47:28:47:43:47:43:47:Infinity":9,"f:48:20:48:25":3,"s:48:25:48:45":21,"f:49:20:49:21":4,"s:49:32:49:69":22,"b:49:50:49:62:49:62:49:65":10,"s:50:10:50:Infinity":23,"s:54:27:54:Infinity":24,"s:55:8:64:Infinity":25,"s:56:10:63:Infinity":26,"b:56:28:56:43:56:43:56:47":11,"b:57:12:62:Infinity:undefined:undefined:undefined:undefined":12,"s:57:12:62:Infinity":27,"b:57:16:57:41:57:41:57:58":13,"s:58:31:58:Infinity":28,"b:58:31:58:66:58:66:58:Infinity":14,"s:59:14:59:Infinity":29,"s:60:14:60:Infinity":30,"b:60:45:60:59:60:59:60:62":15,"s:61:14:61:Infinity":31,"s:65:28:68:Infinity":32,"f:66:15:66:16":5,"s:66:33:66:82":33,"f:67:16:67:17":6,"s:67:26:67:47":34,"s:71:23:83:Infinity":35,"f:71:36:71:41":7,"s:72:16:72:Infinity":36,"s:73:10:82:Infinity":37,"b:75:21:75:36:75:36:75:Infinity":16,"b:76:25:76:56:76:56:76:Infinity":17,"s:85:8:91:Infinity":38}}}
,"/home/dwiga/Projects/Personal/VetHub/frontend/src/routes/api/hotel-bookings.ts": {"path":"/home/dwiga/Projects/Personal/VetHub/frontend/src/routes/api/hotel-bookings.ts","statementMap":{"0":{"start":{"line":6,"column":13},"end":{"line":73,"column":null}},"1":{"start":{"line":10,"column":21},"end":{"line":10,"column":null}},"2":{"start":{"line":11,"column":8},"end":{"line":11,"column":null}},"3":{"start":{"line":11,"column":19},"end":{"line":11,"column":null}},"4":{"start":{"line":12,"column":28},"end":{"line":12,"column":null}},"5":{"start":{"line":13,"column":20},"end":{"line":13,"column":null}},"6":{"start":{"line":14,"column":23},"end":{"line":14,"column":null}},"7":{"start":{"line":15,"column":25},"end":{"line":15,"column":null}},"8":{"start":{"line":16,"column":22},"end":{"line":16,"column":null}},"9":{"start":{"line":17,"column":43},"end":{"line":17,"column":null}},"10":{"start":{"line":18,"column":8},"end":{"line":18,"column":null}},"11":{"start":{"line":18,"column":20},"end":{"line":18,"column":null}},"12":{"start":{"line":19,"column":8},"end":{"line":27,"column":null}},"13":{"start":{"line":20,"column":35},"end":{"line":20,"column":null}},"14":{"start":{"line":21,"column":10},"end":{"line":23,"column":null}},"15":{"start":{"line":22,"column":12},"end":{"line":22,"column":null}},"16":{"start":{"line":24,"column":10},"end":{"line":24,"column":null}},"17":{"start":{"line":25,"column":8},"end":{"line":27,"column":null}},"18":{"start":{"line":26,"column":10},"end":{"line":26,"column":null}},"19":{"start":{"line":28,"column":8},"end":{"line":28,"column":null}},"20":{"start":{"line":28,"column":19},"end":{"line":28,"column":null}},"21":{"start":{"line":29,"column":25},"end":{"line":42,"column":null}},"22":{"start":{"line":43,"column":25},"end":{"line":43,"column":null}},"23":{"start":{"line":44,"column":8},"end":{"line":44,"column":null}},"24":{"start":{"line":47,"column":21},"end":{"line":47,"column":null}},"25":{"start":{"line":48,"column":8},"end":{"line":48,"column":null}},"26":{"start":{"line":48,"column":19},"end":{"line":48,"column":null}},"27":{"start":{"line":49,"column":28},"end":{"line":49,"column":null}},"28":{"start":{"line":50,"column":20},"end":{"line":50,"column":null}},"29":{"start":{"line":51,"column":21},"end":{"line":51,"column":null}},"30":{"start":{"line":53,"column":22},"end":{"line":53,"column":null}},"31":{"start":{"line":54,"column":24},"end":{"line":54,"column":null}},"32":{"start":{"line":55,"column":8},"end":{"line":55,"column":null}},"33":{"start":{"line":55,"column":22},"end":{"line":55,"column":null}},"34":{"start":{"line":57,"column":24},"end":{"line":68,"column":null}},"35":{"start":{"line":69,"column":8},"end":{"line":69,"column":null}}},"fnMap":{"0":{"name":"(anonymous_0)","decl":{"start":{"line":9,"column":11},"end":{"line":9,"column":18}},"loc":{"start":{"line":9,"column":34},"end":{"line":45,"column":null}},"line":9},"1":{"name":"(anonymous_1)","decl":{"start":{"line":46,"column":12},"end":{"line":46,"column":19}},"loc":{"start":{"line":46,"column":35},"end":{"line":70,"column":null}},"line":46}},"branchMap":{"0":{"loc":{"start":{"line":11,"column":8},"end":{"line":11,"column":null}},"type":"if","locations":[{"start":{"line":11,"column":8},"end":{"line":11,"column":null}},{"start":{},"end":{}}],"line":11},"1":{"loc":{"start":{"line":12,"column":28},"end":{"line":12,"column":null}},"type":"binary-expr","locations":[{"start":{"line":12,"column":28},"end":{"line":12,"column":44}},{"start":{"line":12,"column":44},"end":{"line":12,"column":null}}],"line":12},"2":{"loc":{"start":{"line":14,"column":23},"end":{"line":14,"column":null}},"type":"binary-expr","locations":[{"start":{"line":14,"column":23},"end":{"line":14,"column":57}},{"start":{"line":14,"column":57},"end":{"line":14,"column":null}}],"line":14},"3":{"loc":{"start":{"line":15,"column":25},"end":{"line":15,"column":null}},"type":"binary-expr","locations":[{"start":{"line":15,"column":25},"end":{"line":15,"column":61}},{"start":{"line":15,"column":61},"end":{"line":15,"column":null}}],"line":15},"4":{"loc":{"start":{"line":16,"column":22},"end":{"line":16,"column":null}},"type":"binary-expr","locations":[{"start":{"line":16,"column":22},"end":{"line":16,"column":55}},{"start":{"line":16,"column":55},"end":{"line":16,"column":null}}],"line":16},"5":{"loc":{"start":{"line":18,"column":8},"end":{"line":18,"column":null}},"type":"if","locations":[{"start":{"line":18,"column":8},"end":{"line":18,"column":null}},{"start":{},"end":{}}],"line":18},"6":{"loc":{"start":{"line":19,"column":8},"end":{"line":27,"column":null}},"type":"if","locations":[{"start":{"line":19,"column":8},"end":{"line":27,"column":null}},{"start":{"line":25,"column":8},"end":{"line":27,"column":null}}],"line":19},"7":{"loc":{"start":{"line":21,"column":10},"end":{"line":23,"column":null}},"type":"if","locations":[{"start":{"line":21,"column":10},"end":{"line":23,"column":null}},{"start":{},"end":{}}],"line":21},"8":{"loc":{"start":{"line":21,"column":14},"end":{"line":21,"column":64}},"type":"binary-expr","locations":[{"start":{"line":21,"column":14},"end":{"line":21,"column":30}},{"start":{"line":21,"column":30},"end":{"line":21,"column":64}}],"line":21},"9":{"loc":{"start":{"line":25,"column":8},"end":{"line":27,"column":null}},"type":"if","locations":[{"start":{"line":25,"column":8},"end":{"line":27,"column":null}},{"start":{},"end":{}}],"line":25},"10":{"loc":{"start":{"line":28,"column":8},"end":{"line":28,"column":null}},"type":"if","locations":[{"start":{"line":28,"column":8},"end":{"line":28,"column":null}},{"start":{},"end":{}}],"line":28},"11":{"loc":{"start":{"line":48,"column":8},"end":{"line":48,"column":null}},"type":"if","locations":[{"start":{"line":48,"column":8},"end":{"line":48,"column":null}},{"start":{},"end":{}}],"line":48},"12":{"loc":{"start":{"line":49,"column":28},"end":{"line":49,"column":null}},"type":"binary-expr","locations":[{"start":{"line":49,"column":28},"end":{"line":49,"column":44}},{"start":{"line":49,"column":44},"end":{"line":49,"column":null}}],"line":49},"13":{"loc":{"start":{"line":53,"column":22},"end":{"line":53,"column":null}},"type":"binary-expr","locations":[{"start":{"line":53,"column":22},"end":{"line":53,"column":77}},{"start":{"line":53,"column":77},"end":{"line":53,"column":null}}],"line":53},"14":{"loc":{"start":{"line":53,"column":29},"end":{"line":53,"column":72}},"type":"binary-expr","locations":[{"start":{"line":53,"column":29},"end":{"line":53,"column":62}},{"start":{"line":53,"column":62},"end":{"line":53,"column":72}}],"line":53},"15":{"loc":{"start":{"line":54,"column":24},"end":{"line":54,"column":null}},"type":"binary-expr","locations":[{"start":{"line":54,"column":24},"end":{"line":54,"column":39}},{"start":{"line":54,"column":39},"end":{"line":54,"column":55}},{"start":{"line":54,"column":55},"end":{"line":54,"column":null}}],"line":54},"16":{"loc":{"start":{"line":55,"column":8},"end":{"line":55,"column":null}},"type":"if","locations":[{"start":{"line":55,"column":8},"end":{"line":55,"column":null}},{"start":{},"end":{}}],"line":55},"17":{"loc":{"start":{"line":64,"column":22},"end":{"line":64,"column":null}},"type":"cond-expr","locations":[{"start":{"line":64,"column":38},"end":{"line":64,"column":62}},{"start":{"line":64,"column":62},"end":{"line":64,"column":null}}],"line":64},"18":{"loc":{"start":{"line":66,"column":20},"end":{"line":66,"column":null}},"type":"binary-expr","locations":[{"start":{"line":66,"column":20},"end":{"line":66,"column":35}},{"start":{"line":66,"column":35},"end":{"line":66,"column":null}}],"line":66}},"s":{"0":1,"1":6,"2":6,"3":1,"4":5,"5":6,"6":6,"7":6,"8":6,"9":6,"10":6,"11":1,"12":5,"13":2,"14":2,"15":1,"16":1,"17":3,"18":3,"19":4,"20":4,"21":4,"22":4,"23":4,"24":4,"25":4,"26":0,"27":4,"28":4,"29":4,"30":4,"31":4,"32":4,"33":1,"34":3,"35":3},"f":{"0":6,"1":4},"b":{"0":[1,5],"1":[5,0],"2":[6,4],"3":[6,3],"4":[6,4],"5":[1,5],"6":[2,3],"7":[1,1],"8":[2,2],"9":[3,0],"10":[1,3],"11":[0,4],"12":[4,1],"13":[4,0],"14":[4,4],"15":[4,1,1],"16":[1,3],"17":[1,2],"18":[4,2]},"meta":{"lastBranch":19,"lastFunction":2,"lastStatement":36,"seen":{"s:6:13:73:Infinity":0,"f:9:11:9:18":0,"s:10:21:10:Infinity":1,"b:11:8:11:Infinity:undefined:undefined:undefined:undefined":0,"s:11:8:11:Infinity":2,"s:11:19:11:Infinity":3,"s:12:28:12:Infinity":4,"b:12:28:12:44:12:44:12:Infinity":1,"s:13:20:13:Infinity":5,"s:14:23:14:Infinity":6,"b:14:23:14:57:14:57:14:Infinity":2,"s:15:25:15:Infinity":7,"b:15:25:15:61:15:61:15:Infinity":3,"s:16:22:16:Infinity":8,"b:16:22:16:55:16:55:16:Infinity":4,"s:17:43:17:Infinity":9,"b:18:8:18:Infinity:undefined:undefined:undefined:undefined":5,"s:18:8:18:Infinity":10,"s:18:20:18:Infinity":11,"b:19:8:27:Infinity:25:8:27:Infinity":6,"s:19:8:27:Infinity":12,"s:20:35:20:Infinity":13,"b:21:10:23:Infinity:undefined:undefined:undefined:undefined":7,"s:21:10:23:Infinity":14,"b:21:14:21:30:21:30:21:64":8,"s:22:12:22:Infinity":15,"s:24:10:24:Infinity":16,"b:25:8:27:Infinity:undefined:undefined:undefined:undefined":9,"s:25:8:27:Infinity":17,"s:26:10:26:Infinity":18,"b:28:8:28:Infinity:undefined:undefined:undefined:undefined":10,"s:28:8:28:Infinity":19,"s:28:19:28:Infinity":20,"s:29:25:42:Infinity":21,"s:43:25:43:Infinity":22,"s:44:8:44:Infinity":23,"f:46:12:46:19":1,"s:47:21:47:Infinity":24,"b:48:8:48:Infinity:undefined:undefined:undefined:undefined":11,"s:48:8:48:Infinity":25,"s:48:19:48:Infinity":26,"s:49:28:49:Infinity":27,"b:49:28:49:44:49:44:49:Infinity":12,"s:50:20:50:Infinity":28,"s:51:21:51:Infinity":29,"s:53:22:53:Infinity":30,"b:53:22:53:77:53:77:53:Infinity":13,"b:53:29:53:62:53:62:53:72":14,"s:54:24:54:Infinity":31,"b:54:24:54:39:54:39:54:55:54:55:54:Infinity":15,"b:55:8:55:Infinity:undefined:undefined:undefined:undefined":16,"s:55:8:55:Infinity":32,"s:55:22:55:Infinity":33,"s:57:24:68:Infinity":34,"b:64:38:64:62:64:62:64:Infinity":17,"b:66:20:66:35:66:35:66:Infinity":18,"s:69:8:69:Infinity":35}}}
}
