<?xml version="1.0" encoding="utf-8"?><testsuites name="pytest tests"><testsuite name="pytest" errors="0" failures="0" skipped="0" tests="20" time="0.987" timestamp="2026-05-24T12:36:08.394683+00:00" hostname="agent-env-fe17f929-a8ac-49bf-bfbe-c239a420fcd4"><testcase classname="backend.tests.test_vetcare_api.TestServiceHealth" name="test_backend_proxy_health_endpoint" time="0.003" /><testcase classname="backend.tests.test_vetcare_api.TestServiceHealth" name="test_tanstack_direct_health" time="0.003" /><testcase classname="backend.tests.test_vetcare_api.TestServiceHealth" name="test_backend_proxy_api_health" time="0.006" /><testcase classname="backend.tests.test_vetcare_api.TestSpeciesEndpoint" name="test_species_via_proxy_returns_8_species" time="0.004" /><testcase classname="backend.tests.test_vetcare_api.TestSpeciesEndpoint" name="test_species_direct_tanstack" time="0.002" /><testcase classname="backend.tests.test_vetcare_api.TestAuthProtectedEndpoints" name="test_get_without_auth_returns_401[/api/users/me]" time="0.003" /><testcase classname="backend.tests.test_vetcare_api.TestAuthProtectedEndpoints" name="test_get_without_auth_returns_401[/api/pets]" time="0.003" /><testcase classname="backend.tests.test_vetcare_api.TestAuthProtectedEndpoints" name="test_get_without_auth_returns_401[/api/pets/1]" time="0.003" /><testcase classname="backend.tests.test_vetcare_api.TestAuthProtectedEndpoints" name="test_get_without_auth_returns_401[/api/visits]" time="0.003" /><testcase classname="backend.tests.test_vetcare_api.TestAuthProtectedEndpoints" name="test_post_register_pet_owner_without_auth_returns_401" time="0.003" /><testcase classname="backend.tests.test_vetcare_api.TestAuthProtectedEndpoints" name="test_get_with_fake_bearer_returns_401[/api/users/me]" time="0.003" /><testcase classname="backend.tests.test_vetcare_api.TestAuthProtectedEndpoints" name="test_get_with_fake_bearer_returns_401[/api/pets]" time="0.003" /><testcase classname="backend.tests.test_vetcare_api.TestAuthProtectedEndpoints" name="test_get_with_fake_bearer_returns_401[/api/pets/1]" time="0.003" /><testcase classname="backend.tests.test_vetcare_api.TestAuthProtectedEndpoints" name="test_get_with_fake_bearer_returns_401[/api/visits]" time="0.003" /><testcase classname="backend.tests.test_vetcare_api.TestAuthProtectedEndpoints" name="test_pet_detail_invalid_id_without_auth_is_401" time="0.003" /><testcase classname="backend.tests.test_vetcare_api.TestNotFound" name="test_unknown_api_path_returns_404" time="0.016" /><testcase classname="backend.tests.test_vetcare_api.TestPreviewParity" name="test_preview_health" time="0.241" /><testcase classname="backend.tests.test_vetcare_api.TestPreviewParity" name="test_preview_species" time="0.138" /><testcase classname="backend.tests.test_vetcare_api.TestPreviewParity" name="test_preview_auth_protected_401" time="0.166" /><testcase classname="backend.tests.test_vetcare_api.TestLandingPage" name="test_landing_page_via_preview" time="0.202" /></testsuite></testsuites>